{"C:/Users/nanda/PersonalAi/src/index.ts": {"path":"C:/Users/nanda/PersonalAi/src/index.ts","statementMap":{"0":{"start":{"line":18,"column":18},"end":{"line":18,"column":null}},"1":{"start":{"line":19,"column":18},"end":{"line":19,"column":null}},"2":{"start":{"line":23,"column":25},"end":{"line":23,"column":null}},"3":{"start":{"line":24,"column":25},"end":{"line":24,"column":null}},"4":{"start":{"line":25,"column":25},"end":{"line":25,"column":null}},"5":{"start":{"line":28,"column":2},"end":{"line":33,"column":null}},"6":{"start":{"line":29,"column":4},"end":{"line":29,"column":null}},"7":{"start":{"line":31,"column":4},"end":{"line":31,"column":null}},"8":{"start":{"line":32,"column":4},"end":{"line":32,"column":null}},"9":{"start":{"line":35,"column":18},"end":{"line":35,"column":null}},"10":{"start":{"line":36,"column":18},"end":{"line":36,"column":null}},"11":{"start":{"line":38,"column":23},"end":{"line":38,"column":null}},"12":{"start":{"line":41,"column":2},"end":{"line":41,"column":null}},"13":{"start":{"line":41,"column":57},"end":{"line":41,"column":76}},"14":{"start":{"line":42,"column":2},"end":{"line":42,"column":null}},"15":{"start":{"line":42,"column":57},"end":{"line":42,"column":81}},"16":{"start":{"line":44,"column":26},"end":{"line":51,"column":null}},"17":{"start":{"line":44,"column":32},"end":{"line":51,"column":null}},"18":{"start":{"line":53,"column":17},"end":{"line":53,"column":null}},"19":{"start":{"line":55,"column":2},"end":{"line":63,"column":null}},"20":{"start":{"line":56,"column":4},"end":{"line":59,"column":null}},"21":{"start":{"line":60,"column":4},"end":{"line":60,"column":null}},"22":{"start":{"line":61,"column":4},"end":{"line":61,"column":null}},"23":{"start":{"line":62,"column":4},"end":{"line":62,"column":null}},"24":{"start":{"line":65,"column":2},"end":{"line":65,"column":null}},"25":{"start":{"line":68,"column":0},"end":{"line":68,"column":null}},"26":{"start":{"line":68,"column":22},"end":{"line":68,"column":42}},"27":{"start":{"line":68,"column":42},"end":{"line":68,"column":58}}},"fnMap":{"0":{"name":"main","decl":{"start":{"line":21,"column":15},"end":{"line":21,"column":37}},"loc":{"start":{"line":21,"column":37},"end":{"line":66,"column":null}}},"1":{"name":"(anonymous_1)","decl":{"start":{"line":41,"column":50},"end":{"line":41,"column":55}},"loc":{"start":{"line":41,"column":55},"end":{"line":41,"column":77}}},"2":{"name":"(anonymous_2)","decl":{"start":{"line":42,"column":52},"end":{"line":42,"column":57}},"loc":{"start":{"line":42,"column":57},"end":{"line":42,"column":81}}},"3":{"name":"(anonymous_3)","decl":{"start":{"line":44,"column":26},"end":{"line":44,"column":32}},"loc":{"start":{"line":44,"column":32},"end":{"line":51,"column":null}}},"4":{"name":"(anonymous_4)","decl":{"start":{"line":55,"column":23},"end":{"line":55,"column":29}},"loc":{"start":{"line":55,"column":29},"end":{"line":63,"column":3}}},"5":{"name":"(anonymous_5)","decl":{"start":{"line":68,"column":13},"end":{"line":68,"column":20}},"loc":{"start":{"line":68,"column":20},"end":{"line":68,"column":59}}}},"branchMap":{},"s":{"0":0,"1":0,"2":0,"3":0,"4":0,"5":0,"6":0,"7":0,"8":0,"9":0,"10":0,"11":0,"12":0,"13":0,"14":0,"15":0,"16":0,"17":0,"18":0,"19":0,"20":0,"21":0,"22":0,"23":0,"24":0,"25":0,"26":0,"27":0},"f":{"0":0,"1":0,"2":0,"3":0,"4":0,"5":0},"b":{}}
,"C:/Users/nanda/PersonalAi/src/core/assistant.ts": {"path":"C:/Users/nanda/PersonalAi/src/core/assistant.ts","statementMap":{"0":{"start":{"line":16,"column":12},"end":{"line":16,"column":null}},"1":{"start":{"line":17,"column":12},"end":{"line":17,"column":null}},"2":{"start":{"line":18,"column":12},"end":{"line":18,"column":null}},"3":{"start":{"line":19,"column":12},"end":{"line":19,"column":null}},"4":{"start":{"line":20,"column":12},"end":{"line":20,"column":null}},"5":{"start":{"line":25,"column":24},"end":{"line":25,"column":null}},"6":{"start":{"line":26,"column":4},"end":{"line":33,"column":null}},"7":{"start":{"line":27,"column":23},"end":{"line":27,"column":null}},"8":{"start":{"line":28,"column":6},"end":{"line":32,"column":null}},"9":{"start":{"line":29,"column":8},"end":{"line":30,"column":null}},"10":{"start":{"line":30,"column":28},"end":{"line":30,"column":56}},"11":{"start":{"line":31,"column":8},"end":{"line":31,"column":null}},"12":{"start":{"line":35,"column":4},"end":{"line":35,"column":null}},"13":{"start":{"line":37,"column":24},"end":{"line":38,"column":null}},"14":{"start":{"line":40,"column":20},"end":{"line":45,"column":null}},"15":{"start":{"line":47,"column":24},"end":{"line":47,"column":null}},"16":{"start":{"line":48,"column":4},"end":{"line":51,"column":null}},"17":{"start":{"line":49,"column":6},"end":{"line":49,"column":null}},"18":{"start":{"line":49,"column":33},"end":{"line":49,"column":null}},"19":{"start":{"line":50,"column":6},"end":{"line":50,"column":null}},"20":{"start":{"line":53,"column":4},"end":{"line":65,"column":null}},"21":{"start":{"line":54,"column":6},"end":{"line":54,"column":null}},"22":{"start":{"line":56,"column":6},"end":{"line":64,"column":null}},"23":{"start":{"line":57,"column":27},"end":{"line":57,"column":null}},"24":{"start":{"line":58,"column":8},"end":{"line":60,"column":null}},"25":{"start":{"line":59,"column":10},"end":{"line":59,"column":null}},"26":{"start":{"line":61,"column":8},"end":{"line":63,"column":null}},"27":{"start":{"line":62,"column":10},"end":{"line":62,"column":null}}},"fnMap":{"0":{"name":"(anonymous_0)","decl":{"start":{"line":15,"column":2},"end":{"line":15,"column":null}},"loc":{"start":{"line":21,"column":4},"end":{"line":21,"column":null}}},"1":{"name":"(anonymous_1)","decl":{"start":{"line":23,"column":2},"end":{"line":23,"column":9}},"loc":{"start":{"line":23,"column":90},"end":{"line":66,"column":null}}},"2":{"name":"(anonymous_2)","decl":{"start":{"line":30,"column":23},"end":{"line":30,"column":28}},"loc":{"start":{"line":30,"column":28},"end":{"line":30,"column":56}}}},"branchMap":{"0":{"loc":{"start":{"line":26,"column":4},"end":{"line":33,"column":null}},"type":"if","locations":[{"start":{"line":26,"column":4},"end":{"line":33,"column":null}},{"start":{"line":26,"column":4},"end":{"line":33,"column":null}}]},"1":{"loc":{"start":{"line":28,"column":6},"end":{"line":32,"column":null}},"type":"if","locations":[{"start":{"line":28,"column":6},"end":{"line":32,"column":null}},{"start":{"line":28,"column":6},"end":{"line":32,"column":null}}]},"2":{"loc":{"start":{"line":37,"column":24},"end":{"line":38,"column":null}},"type":"binary-expr","locations":[{"start":{"line":37,"column":24},"end":{"line":37,"column":null}},{"start":{"line":38,"column":9},"end":{"line":38,"column":null}}]},"3":{"loc":{"start":{"line":49,"column":6},"end":{"line":49,"column":null}},"type":"if","locations":[{"start":{"line":49,"column":6},"end":{"line":49,"column":null}},{"start":{"line":49,"column":6},"end":{"line":49,"column":null}}]},"4":{"loc":{"start":{"line":53,"column":4},"end":{"line":65,"column":null}},"type":"if","locations":[{"start":{"line":53,"column":4},"end":{"line":65,"column":null}},{"start":{"line":53,"column":4},"end":{"line":65,"column":null}}]},"5":{"loc":{"start":{"line":56,"column":6},"end":{"line":64,"column":null}},"type":"if","locations":[{"start":{"line":56,"column":6},"end":{"line":64,"column":null}},{"start":{"line":56,"column":6},"end":{"line":64,"column":null}}]},"6":{"loc":{"start":{"line":61,"column":8},"end":{"line":63,"column":null}},"type":"if","locations":[{"start":{"line":61,"column":8},"end":{"line":63,"column":null}},{"start":{"line":61,"column":8},"end":{"line":63,"column":null}}]}},"s":{"0":0,"1":0,"2":0,"3":0,"4":0,"5":0,"6":0,"7":0,"8":0,"9":0,"10":0,"11":0,"12":0,"13":0,"14":0,"15":0,"16":0,"17":0,"18":0,"19":0,"20":0,"21":0,"22":0,"23":0,"24":0,"25":0,"26":0,"27":0},"f":{"0":0,"1":0,"2":0},"b":{"0":[0,0],"1":[0,0],"2":[0,0],"3":[0,0],"4":[0,0],"5":[0,0],"6":[0,0]}}
,"C:/Users/nanda/PersonalAi/src/core/context.ts": {"path":"C:/Users/nanda/PersonalAi/src/core/context.ts","statementMap":{"0":{"start":{"line":7,"column":32},"end":{"line":7,"column":null}},"1":{"start":{"line":8,"column":26},"end":{"line":8,"column":null}},"2":{"start":{"line":11,"column":4},"end":{"line":11,"column":null}},"3":{"start":{"line":12,"column":4},"end":{"line":12,"column":null}},"4":{"start":{"line":16,"column":4},"end":{"line":16,"column":null}},"5":{"start":{"line":21,"column":4},"end":{"line":21,"column":null}},"6":{"start":{"line":22,"column":4},"end":{"line":22,"column":null}},"7":{"start":{"line":26,"column":4},"end":{"line":26,"column":null}},"8":{"start":{"line":30,"column":4},"end":{"line":30,"column":null}},"9":{"start":{"line":34,"column":4},"end":{"line":34,"column":null}},"10":{"start":{"line":35,"column":4},"end":{"line":35,"column":null}},"11":{"start":{"line":39,"column":4},"end":{"line":39,"column":null}}},"fnMap":{"0":{"name":"(anonymous_0)","decl":{"start":{"line":10,"column":2},"end":{"line":10,"column":10}},"loc":{"start":{"line":10,"column":33},"end":{"line":13,"column":null}}},"1":{"name":"(anonymous_1)","decl":{"start":{"line":15,"column":2},"end":{"line":15,"column":15}},"loc":{"start":{"line":15,"column":38},"end":{"line":17,"column":null}}},"2":{"name":"(anonymous_2)","decl":{"start":{"line":20,"column":2},"end":{"line":20,"column":10}},"loc":{"start":{"line":20,"column":66},"end":{"line":23,"column":null}}},"3":{"name":"(anonymous_3)","decl":{"start":{"line":25,"column":2},"end":{"line":25,"column":40}},"loc":{"start":{"line":25,"column":40},"end":{"line":27,"column":null}}},"4":{"name":"(anonymous_4)","decl":{"start":{"line":29,"column":2},"end":{"line":29,"column":29}},"loc":{"start":{"line":29,"column":29},"end":{"line":31,"column":null}}},"5":{"name":"(anonymous_5)","decl":{"start":{"line":33,"column":2},"end":{"line":33,"column":16}},"loc":{"start":{"line":33,"column":16},"end":{"line":36,"column":null}}},"6":{"name":"(anonymous_6)","decl":{"start":{"line":38,"column":2},"end":{"line":38,"column":6}},"loc":{"start":{"line":38,"column":29},"end":{"line":40,"column":null}}}},"branchMap":{},"s":{"0":0,"1":0,"2":0,"3":0,"4":0,"5":0,"6":0,"7":0,"8":0,"9":0,"10":0,"11":0},"f":{"0":0,"1":0,"2":0,"3":0,"4":0,"5":0,"6":0},"b":{}}
,"C:/Users/nanda/PersonalAi/src/core/events.ts": {"path":"C:/Users/nanda/PersonalAi/src/core/events.ts","statementMap":{"0":{"start":{"line":23,"column":31},"end":{"line":23,"column":null}},"1":{"start":{"line":29,"column":4},"end":{"line":29,"column":null}},"2":{"start":{"line":29,"column":35},"end":{"line":29,"column":null}},"3":{"start":{"line":31,"column":4},"end":{"line":31,"column":null}},"4":{"start":{"line":32,"column":4},"end":{"line":38,"column":null}},"5":{"start":{"line":33,"column":19},"end":{"line":33,"column":null}},"6":{"start":{"line":34,"column":6},"end":{"line":37,"column":null}},"7":{"start":{"line":35,"column":20},"end":{"line":35,"column":null}},"8":{"start":{"line":36,"column":8},"end":{"line":36,"column":null}},"9":{"start":{"line":36,"column":24},"end":{"line":36,"column":null}},"10":{"start":{"line":45,"column":17},"end":{"line":45,"column":null}},"11":{"start":{"line":46,"column":4},"end":{"line":53,"column":null}},"12":{"start":{"line":47,"column":6},"end":{"line":52,"column":null}},"13":{"start":{"line":49,"column":9},"end":{"line":49,"column":null}},"14":{"start":{"line":51,"column":8},"end":{"line":51,"column":null}},"15":{"start":{"line":60,"column":18},"end":{"line":63,"column":null}},"16":{"start":{"line":61,"column":6},"end":{"line":61,"column":null}},"17":{"start":{"line":62,"column":6},"end":{"line":62,"column":null}},"18":{"start":{"line":67,"column":24},"end":{"line":67,"column":null}}},"fnMap":{"0":{"name":"(anonymous_0)","decl":{"start":{"line":28,"column":2},"end":{"line":28,"column":31}},"loc":{"start":{"line":28,"column":91},"end":{"line":39,"column":null}}},"1":{"name":"(anonymous_1)","decl":{"start":{"line":32,"column":11},"end":{"line":32,"column":17}},"loc":{"start":{"line":32,"column":17},"end":{"line":38,"column":null}}},"2":{"name":"(anonymous_2)","decl":{"start":{"line":44,"column":2},"end":{"line":44,"column":33}},"loc":{"start":{"line":44,"column":68},"end":{"line":54,"column":null}}},"3":{"name":"(anonymous_3)","decl":{"start":{"line":59,"column":2},"end":{"line":59,"column":33}},"loc":{"start":{"line":59,"column":87},"end":{"line":64,"column":null}}},"4":{"name":"(anonymous_4)","decl":{"start":{"line":60,"column":33},"end":{"line":60,"column":34}},"loc":{"start":{"line":60,"column":43},"end":{"line":63,"column":5}}}},"branchMap":{"0":{"loc":{"start":{"line":29,"column":4},"end":{"line":29,"column":null}},"type":"if","locations":[{"start":{"line":29,"column":4},"end":{"line":29,"column":null}},{"start":{"line":29,"column":4},"end":{"line":29,"column":null}}]},"1":{"loc":{"start":{"line":34,"column":6},"end":{"line":37,"column":null}},"type":"if","locations":[{"start":{"line":34,"column":6},"end":{"line":37,"column":null}},{"start":{"line":34,"column":6},"end":{"line":37,"column":null}}]},"2":{"loc":{"start":{"line":36,"column":8},"end":{"line":36,"column":null}},"type":"if","locations":[{"start":{"line":36,"column":8},"end":{"line":36,"column":null}},{"start":{"line":36,"column":8},"end":{"line":36,"column":null}}]},"3":{"loc":{"start":{"line":45,"column":17},"end":{"line":45,"column":null}},"type":"binary-expr","locations":[{"start":{"line":45,"column":17},"end":{"line":45,"column":45}},{"start":{"line":45,"column":45},"end":{"line":45,"column":null}}]}},"s":{"0":5,"1":15,"2":11,"3":15,"4":15,"5":2,"6":2,"7":2,"8":2,"9":2,"10":28,"11":28,"12":9,"13":9,"14":1,"15":1,"16":1,"17":1,"18":5},"f":{"0":15,"1":2,"2":28,"3":1,"4":1},"b":{"0":[11,4],"1":[2,0],"2":[2,0],"3":[28,22]}}
,"C:/Users/nanda/PersonalAi/src/core/logger.ts": {"path":"C:/Users/nanda/PersonalAi/src/core/logger.ts","statementMap":{"0":{"start":{"line":9,"column":46},"end":{"line":9,"column":null}},"1":{"start":{"line":12,"column":32},"end":{"line":12,"column":null}},"2":{"start":{"line":13,"column":19},"end":{"line":13,"column":null}},"3":{"start":{"line":14,"column":10},"end":{"line":14,"column":null}},"4":{"start":{"line":17,"column":4},"end":{"line":17,"column":null}},"5":{"start":{"line":20,"column":4},"end":{"line":20,"column":null}},"6":{"start":{"line":23,"column":4},"end":{"line":23,"column":null}},"7":{"start":{"line":26,"column":4},"end":{"line":26,"column":null}},"8":{"start":{"line":31,"column":4},"end":{"line":31,"column":null}},"9":{"start":{"line":35,"column":16},"end":{"line":35,"column":null}},"10":{"start":{"line":36,"column":16},"end":{"line":36,"column":null}},"11":{"start":{"line":39,"column":4},"end":{"line":53,"column":null}},"12":{"start":{"line":40,"column":47},"end":{"line":45,"column":null}},"13":{"start":{"line":46,"column":20},"end":{"line":46,"column":null}},"14":{"start":{"line":47,"column":20},"end":{"line":47,"column":null}},"15":{"start":{"line":48,"column":6},"end":{"line":52,"column":null}},"16":{"start":{"line":49,"column":8},"end":{"line":49,"column":null}},"17":{"start":{"line":51,"column":8},"end":{"line":51,"column":null}},"18":{"start":{"line":56,"column":18},"end":{"line":62,"column":null}},"19":{"start":{"line":63,"column":4},"end":{"line":66,"column":null}},"20":{"start":{"line":64,"column":6},"end":{"line":64,"column":null}},"21":{"start":{"line":64,"column":39},"end":{"line":64,"column":null}},"22":{"start":{"line":65,"column":6},"end":{"line":65,"column":null}},"23":{"start":{"line":70,"column":22},"end":{"line":70,"column":null}},"24":{"start":{"line":73,"column":0},"end":{"line":74,"column":null}},"25":{"start":{"line":74,"column":2},"end":{"line":74,"column":58}},"26":{"start":{"line":76,"column":0},"end":{"line":77,"column":null}},"27":{"start":{"line":77,"column":2},"end":{"line":77,"column":57}},"28":{"start":{"line":79,"column":0},"end":{"line":80,"column":null}},"29":{"start":{"line":80,"column":2},"end":{"line":80,"column":65}}},"fnMap":{"0":{"name":"(anonymous_0)","decl":{"start":{"line":16,"column":2},"end":{"line":16,"column":8}},"loc":{"start":{"line":16,"column":64},"end":{"line":18,"column":null}}},"1":{"name":"(anonymous_1)","decl":{"start":{"line":19,"column":2},"end":{"line":19,"column":7}},"loc":{"start":{"line":19,"column":63},"end":{"line":21,"column":null}}},"2":{"name":"(anonymous_2)","decl":{"start":{"line":22,"column":2},"end":{"line":22,"column":7}},"loc":{"start":{"line":22,"column":63},"end":{"line":24,"column":null}}},"3":{"name":"(anonymous_3)","decl":{"start":{"line":25,"column":2},"end":{"line":25,"column":8}},"loc":{"start":{"line":25,"column":65},"end":{"line":27,"column":null}}},"4":{"name":"(anonymous_4)","decl":{"start":{"line":30,"column":2},"end":{"line":30,"column":23}},"loc":{"start":{"line":30,"column":23},"end":{"line":32,"column":null}}},"5":{"name":"(anonymous_5)","decl":{"start":{"line":34,"column":10},"end":{"line":34,"column":16}},"loc":{"start":{"line":34,"column":89},"end":{"line":67,"column":null}}},"6":{"name":"(anonymous_6)","decl":{"start":{"line":73,"column":21},"end":{"line":73,"column":22}},"loc":{"start":{"line":74,"column":2},"end":{"line":74,"column":58}}},"7":{"name":"(anonymous_7)","decl":{"start":{"line":76,"column":27},"end":{"line":76,"column":28}},"loc":{"start":{"line":77,"column":2},"end":{"line":77,"column":57}}},"8":{"name":"(anonymous_8)","decl":{"start":{"line":79,"column":32},"end":{"line":79,"column":33}},"loc":{"start":{"line":80,"column":2},"end":{"line":80,"column":65}}}},"branchMap":{"0":{"loc":{"start":{"line":12,"column":32},"end":{"line":12,"column":null}},"type":"binary-expr","locations":[{"start":{"line":12,"column":32},"end":{"line":12,"column":85}},{"start":{"line":12,"column":85},"end":{"line":12,"column":null}}]},"1":{"loc":{"start":{"line":39,"column":4},"end":{"line":53,"column":null}},"type":"if","locations":[{"start":{"line":39,"column":4},"end":{"line":53,"column":null}},{"start":{"line":39,"column":4},"end":{"line":53,"column":null}}]},"2":{"loc":{"start":{"line":48,"column":6},"end":{"line":52,"column":null}},"type":"if","locations":[{"start":{"line":48,"column":6},"end":{"line":52,"column":null}},{"start":{"line":50,"column":13},"end":{"line":52,"column":null}}]},"3":{"loc":{"start":{"line":61,"column":10},"end":{"line":61,"column":null}},"type":"cond-expr","locations":[{"start":{"line":61,"column":31},"end":{"line":61,"column":42}},{"start":{"line":61,"column":42},"end":{"line":61,"column":null}}]},"4":{"loc":{"start":{"line":64,"column":6},"end":{"line":64,"column":null}},"type":"if","locations":[{"start":{"line":64,"column":6},"end":{"line":64,"column":null}},{"start":{"line":64,"column":6},"end":{"line":64,"column":null}}]}},"s":{"0":3,"1":3,"2":3,"3":3,"4":41,"5":1,"6":2,"7":1,"8":46,"9":45,"10":45,"11":45,"12":5,"13":5,"14":5,"15":5,"16":1,"17":4,"18":45,"19":45,"20":45,"21":0,"22":45,"23":3,"24":3,"25":0,"26":3,"27":0,"28":3,"29":0},"f":{"0":41,"1":1,"2":2,"3":1,"4":46,"5":45,"6":0,"7":0,"8":0},"b":{"0":[3,2],"1":[5,40],"2":[1,4],"3":[1,44],"4":[0,45]}}
,"C:/Users/nanda/PersonalAi/src/memory/long-term.ts": {"path":"C:/Users/nanda/PersonalAi/src/memory/long-term.ts","statementMap":{"0":{"start":{"line":11,"column":16},"end":{"line":11,"column":null}},"1":{"start":{"line":12,"column":16},"end":{"line":12,"column":null}},"2":{"start":{"line":27,"column":2},"end":{"line":37,"column":null}},"3":{"start":{"line":44,"column":4},"end":{"line":44,"column":null}},"4":{"start":{"line":44,"column":32},"end":{"line":44,"column":null}},"5":{"start":{"line":45,"column":4},"end":{"line":45,"column":null}},"6":{"start":{"line":46,"column":4},"end":{"line":46,"column":null}},"7":{"start":{"line":47,"column":4},"end":{"line":47,"column":null}},"8":{"start":{"line":48,"column":4},"end":{"line":48,"column":null}},"9":{"start":{"line":52,"column":4},"end":{"line":67,"column":null}},"10":{"start":{"line":72,"column":10},"end":{"line":72,"column":null}},"11":{"start":{"line":73,"column":16},"end":{"line":73,"column":null}},"12":{"start":{"line":74,"column":17},"end":{"line":74,"column":null}},"13":{"start":{"line":75,"column":23},"end":{"line":75,"column":null}},"14":{"start":{"line":78,"column":21},"end":{"line":80,"column":null}},"15":{"start":{"line":82,"column":4},"end":{"line":88,"column":null}},"16":{"start":{"line":83,"column":6},"end":{"line":85,"column":null}},"17":{"start":{"line":86,"column":6},"end":{"line":86,"column":null}},"18":{"start":{"line":87,"column":6},"end":{"line":87,"column":null}},"19":{"start":{"line":90,"column":4},"end":{"line":93,"column":null}},"20":{"start":{"line":95,"column":4},"end":{"line":95,"column":null}},"21":{"start":{"line":96,"column":4},"end":{"line":96,"column":null}},"22":{"start":{"line":98,"column":4},"end":{"line":98,"column":null}},"23":{"start":{"line":103,"column":20},"end":{"line":103,"column":null}},"24":{"start":{"line":104,"column":17},"end":{"line":109,"column":null}},"25":{"start":{"line":111,"column":20},"end":{"line":111,"column":null}},"26":{"start":{"line":112,"column":4},"end":{"line":112,"column":null}},"27":{"start":{"line":112,"column":28},"end":{"line":112,"column":null}},"28":{"start":{"line":112,"column":71},"end":{"line":112,"column":75}},"29":{"start":{"line":114,"column":4},"end":{"line":114,"column":null}},"30":{"start":{"line":115,"column":4},"end":{"line":115,"column":null}},"31":{"start":{"line":116,"column":4},"end":{"line":116,"column":null}},"32":{"start":{"line":120,"column":17},"end":{"line":123,"column":null}},"33":{"start":{"line":124,"column":4},"end":{"line":124,"column":null}},"34":{"start":{"line":125,"column":4},"end":{"line":125,"column":null}},"35":{"start":{"line":129,"column":17},"end":{"line":132,"column":null}},"36":{"start":{"line":133,"column":4},"end":{"line":133,"column":null}},"37":{"start":{"line":134,"column":4},"end":{"line":134,"column":null}},"38":{"start":{"line":138,"column":17},"end":{"line":141,"column":null}},"39":{"start":{"line":142,"column":4},"end":{"line":142,"column":null}},"40":{"start":{"line":147,"column":4},"end":{"line":147,"column":null}},"41":{"start":{"line":148,"column":4},"end":{"line":148,"column":null}},"42":{"start":{"line":152,"column":10},"end":{"line":152,"column":null}},"43":{"start":{"line":153,"column":4},"end":{"line":155,"column":null}},"44":{"start":{"line":159,"column":10},"end":{"line":159,"column":null}},"45":{"start":{"line":160,"column":19},"end":{"line":162,"column":null}},"46":{"start":{"line":163,"column":15},"end":{"line":165,"column":null}},"47":{"start":{"line":164,"column":6},"end":{"line":164,"column":null}},"48":{"start":{"line":164,"column":29},"end":{"line":164,"column":null}},"49":{"start":{"line":166,"column":4},"end":{"line":166,"column":null}},"50":{"start":{"line":170,"column":19},"end":{"line":170,"column":null}},"51":{"start":{"line":172,"column":23},"end":{"line":174,"column":null}},"52":{"start":{"line":176,"column":47},"end":{"line":176,"column":null}},"53":{"start":{"line":177,"column":4},"end":{"line":177,"column":null}},"54":{"start":{"line":177,"column":32},"end":{"line":177,"column":null}},"55":{"start":{"line":179,"column":19},"end":{"line":181,"column":null}},"56":{"start":{"line":183,"column":19},"end":{"line":185,"column":null}},"57":{"start":{"line":187,"column":4},"end":{"line":192,"column":null}},"58":{"start":{"line":196,"column":4},"end":{"line":196,"column":null}}},"fnMap":{"0":{"name":"rowToMemory","decl":{"start":{"line":26,"column":9},"end":{"line":26,"column":21}},"loc":{"start":{"line":26,"column":45},"end":{"line":38,"column":null}}},"1":{"name":"(anonymous_1)","decl":{"start":{"line":43,"column":2},"end":{"line":43,"column":14}},"loc":{"start":{"line":43,"column":32},"end":{"line":49,"column":null}}},"2":{"name":"(anonymous_2)","decl":{"start":{"line":51,"column":10},"end":{"line":51,"column":26}},"loc":{"start":{"line":51,"column":26},"end":{"line":68,"column":null}}},"3":{"name":"(anonymous_3)","decl":{"start":{"line":71,"column":2},"end":{"line":71,"column":7}},"loc":{"start":{"line":71,"column":33},"end":{"line":99,"column":null}}},"4":{"name":"(anonymous_4)","decl":{"start":{"line":102,"column":2},"end":{"line":102,"column":9}},"loc":{"start":{"line":102,"column":45},"end":{"line":117,"column":null}}},"5":{"name":"(anonymous_5)","decl":{"start":{"line":112,"column":66},"end":{"line":112,"column":71}},"loc":{"start":{"line":112,"column":71},"end":{"line":112,"column":75}}},"6":{"name":"(anonymous_6)","decl":{"start":{"line":119,"column":2},"end":{"line":119,"column":12}},"loc":{"start":{"line":119,"column":52},"end":{"line":126,"column":null}}},"7":{"name":"(anonymous_7)","decl":{"start":{"line":128,"column":2},"end":{"line":128,"column":12}},"loc":{"start":{"line":128,"column":34},"end":{"line":135,"column":null}}},"8":{"name":"(anonymous_8)","decl":{"start":{"line":137,"column":2},"end":{"line":137,"column":9}},"loc":{"start":{"line":137,"column":32},"end":{"line":143,"column":null}}},"9":{"name":"(anonymous_9)","decl":{"start":{"line":146,"column":2},"end":{"line":146,"column":10}},"loc":{"start":{"line":146,"column":28},"end":{"line":149,"column":null}}},"10":{"name":"(anonymous_10)","decl":{"start":{"line":151,"column":2},"end":{"line":151,"column":18}},"loc":{"start":{"line":151,"column":36},"end":{"line":156,"column":null}}},"11":{"name":"(anonymous_11)","decl":{"start":{"line":158,"column":10},"end":{"line":158,"column":31}},"loc":{"start":{"line":158,"column":52},"end":{"line":167,"column":null}}},"12":{"name":"(anonymous_12)","decl":{"start":{"line":163,"column":35},"end":{"line":163,"column":36}},"loc":{"start":{"line":163,"column":55},"end":{"line":165,"column":5}}},"13":{"name":"(anonymous_13)","decl":{"start":{"line":169,"column":2},"end":{"line":169,"column":26}},"loc":{"start":{"line":169,"column":26},"end":{"line":193,"column":null}}},"14":{"name":"(anonymous_14)","decl":{"start":{"line":195,"column":2},"end":{"line":195,"column":16}},"loc":{"start":{"line":195,"column":16},"end":{"line":197,"column":null}}}},"branchMap":{"0":{"loc":{"start":{"line":43,"column":14},"end":{"line":43,"column":32}},"type":"default-arg","locations":[{"start":{"line":43,"column":23},"end":{"line":43,"column":32}}]},"1":{"loc":{"start":{"line":44,"column":4},"end":{"line":44,"column":null}},"type":"if","locations":[{"start":{"line":44,"column":4},"end":{"line":44,"column":null}},{"start":{"line":44,"column":4},"end":{"line":44,"column":null}}]},"2":{"loc":{"start":{"line":74,"column":32},"end":{"line":74,"column":48}},"type":"binary-expr","locations":[{"start":{"line":74,"column":32},"end":{"line":74,"column":46}},{"start":{"line":74,"column":46},"end":{"line":74,"column":48}}]},"3":{"loc":{"start":{"line":75,"column":23},"end":{"line":75,"column":null}},"type":"binary-expr","locations":[{"start":{"line":75,"column":23},"end":{"line":75,"column":43}},{"start":{"line":75,"column":43},"end":{"line":75,"column":null}}]},"4":{"loc":{"start":{"line":82,"column":4},"end":{"line":88,"column":null}},"type":"if","locations":[{"start":{"line":82,"column":4},"end":{"line":88,"column":null}},{"start":{"line":82,"column":4},"end":{"line":88,"column":null}}]},"5":{"loc":{"start":{"line":102,"column":24},"end":{"line":102,"column":45}},"type":"default-arg","locations":[{"start":{"line":102,"column":32},"end":{"line":102,"column":45}}]},"6":{"loc":{"start":{"line":112,"column":4},"end":{"line":112,"column":null}},"type":"if","locations":[{"start":{"line":112,"column":4},"end":{"line":112,"column":null}},{"start":{"line":112,"column":4},"end":{"line":112,"column":null}}]},"7":{"loc":{"start":{"line":119,"column":30},"end":{"line":119,"column":52}},"type":"default-arg","locations":[{"start":{"line":119,"column":38},"end":{"line":119,"column":52}}]},"8":{"loc":{"start":{"line":128,"column":12},"end":{"line":128,"column":34}},"type":"default-arg","locations":[{"start":{"line":128,"column":20},"end":{"line":128,"column":34}}]},"9":{"loc":{"start":{"line":137,"column":9},"end":{"line":137,"column":32}},"type":"default-arg","locations":[{"start":{"line":137,"column":17},"end":{"line":137,"column":32}}]},"10":{"loc":{"start":{"line":190,"column":33},"end":{"line":190,"column":52}},"type":"binary-expr","locations":[{"start":{"line":190,"column":33},"end":{"line":190,"column":47}},{"start":{"line":190,"column":47},"end":{"line":190,"column":52}}]},"11":{"loc":{"start":{"line":191,"column":20},"end":{"line":191,"column":null}},"type":"cond-expr","locations":[{"start":{"line":191,"column":29},"end":{"line":191,"column":51}},{"start":{"line":191,"column":51},"end":{"line":191,"column":null}}]}},"s":{"0":1,"1":1,"2":12,"3":9,"4":0,"5":9,"6":9,"7":9,"8":9,"9":9,"10":18,"11":18,"12":18,"13":18,"14":18,"15":18,"16":1,"17":1,"18":1,"19":17,"20":17,"21":17,"22":17,"23":4,"24":4,"25":4,"26":4,"27":2,"28":2,"29":4,"30":4,"31":4,"32":3,"33":3,"34":3,"35":1,"36":1,"37":1,"38":3,"39":3,"40":1,"41":1,"42":2,"43":2,"44":2,"45":2,"46":2,"47":2,"48":2,"49":2,"50":1,"51":1,"52":1,"53":1,"54":2,"55":1,"56":1,"57":1,"58":9},"f":{"0":12,"1":9,"2":9,"3":18,"4":4,"5":2,"6":3,"7":1,"8":3,"9":1,"10":2,"11":2,"12":2,"13":1,"14":9},"b":{"0":[0],"1":[0,9],"2":[18,18],"3":[18,10],"4":[1,17],"5":[4],"6":[2,2],"7":[3],"8":[0],"9":[2],"10":[1,0],"11":[1,0]}}
,"C:/Users/nanda/PersonalAi/src/memory/short-term.ts": {"path":"C:/Users/nanda/PersonalAi/src/memory/short-term.ts","statementMap":{"0":{"start":{"line":10,"column":83},"end":{"line":23,"column":null}},"1":{"start":{"line":30,"column":22},"end":{"line":30,"column":40}},"2":{"start":{"line":27,"column":21},"end":{"line":27,"column":null}},"3":{"start":{"line":28,"column":16},"end":{"line":28,"column":null}},"4":{"start":{"line":33,"column":4},"end":{"line":38,"column":null}},"5":{"start":{"line":34,"column":6},"end":{"line":34,"column":null}},"6":{"start":{"line":36,"column":6},"end":{"line":36,"column":null}},"7":{"start":{"line":37,"column":6},"end":{"line":37,"column":null}},"8":{"start":{"line":42,"column":4},"end":{"line":42,"column":null}},"9":{"start":{"line":42,"column":40},"end":{"line":42,"column":null}},"10":{"start":{"line":43,"column":4},"end":{"line":43,"column":null}},"11":{"start":{"line":46,"column":18},"end":{"line":46,"column":33}},"12":{"start":{"line":46,"column":33},"end":{"line":46,"column":46}},"13":{"start":{"line":47,"column":23},"end":{"line":47,"column":46}},"14":{"start":{"line":55,"column":20},"end":{"line":58,"column":null}},"15":{"start":{"line":57,"column":14},"end":{"line":57,"column":22}},"16":{"start":{"line":58,"column":17},"end":{"line":58,"column":29}},"17":{"start":{"line":60,"column":40},"end":{"line":60,"column":null}},"18":{"start":{"line":62,"column":2},"end":{"line":69,"column":null}},"19":{"start":{"line":63,"column":4},"end":{"line":68,"column":null}},"20":{"start":{"line":64,"column":6},"end":{"line":67,"column":null}},"21":{"start":{"line":65,"column":8},"end":{"line":65,"column":null}},"22":{"start":{"line":66,"column":8},"end":{"line":66,"column":null}},"23":{"start":{"line":71,"column":2},"end":{"line":71,"column":null}},"24":{"start":{"line":71,"column":35},"end":{"line":71,"column":62}}},"fnMap":{"0":{"name":"(anonymous_0)","decl":{"start":{"line":30,"column":2},"end":{"line":30,"column":22}},"loc":{"start":{"line":30,"column":44},"end":{"line":30,"column":null}}},"1":{"name":"(anonymous_1)","decl":{"start":{"line":32,"column":2},"end":{"line":32,"column":7}},"loc":{"start":{"line":32,"column":22},"end":{"line":39,"column":null}}},"2":{"name":"(anonymous_2)","decl":{"start":{"line":41,"column":2},"end":{"line":41,"column":16}},"loc":{"start":{"line":41,"column":16},"end":{"line":44,"column":null}}},"3":{"name":"(anonymous_3)","decl":{"start":{"line":46,"column":2},"end":{"line":46,"column":16}},"loc":{"start":{"line":46,"column":16},"end":{"line":46,"column":null}}},"4":{"name":"(anonymous_4)","decl":{"start":{"line":47,"column":2},"end":{"line":47,"column":6}},"loc":{"start":{"line":47,"column":21},"end":{"line":47,"column":null}}},"5":{"name":"extractMemoryCandidates","decl":{"start":{"line":54,"column":16},"end":{"line":54,"column":40}},"loc":{"start":{"line":54,"column":73},"end":{"line":72,"column":null}}},"6":{"name":"(anonymous_6)","decl":{"start":{"line":57,"column":9},"end":{"line":57,"column":14}},"loc":{"start":{"line":57,"column":14},"end":{"line":57,"column":22}}},"7":{"name":"(anonymous_7)","decl":{"start":{"line":58,"column":12},"end":{"line":58,"column":17}},"loc":{"start":{"line":58,"column":17},"end":{"line":58,"column":29}}},"8":{"name":"(anonymous_8)","decl":{"start":{"line":71,"column":25},"end":{"line":71,"column":26}},"loc":{"start":{"line":71,"column":35},"end":{"line":71,"column":62}}}},"branchMap":{"0":{"loc":{"start":{"line":30,"column":22},"end":{"line":30,"column":44}},"type":"default-arg","locations":[{"start":{"line":30,"column":40},"end":{"line":30,"column":44}}]},"1":{"loc":{"start":{"line":33,"column":4},"end":{"line":38,"column":null}},"type":"if","locations":[{"start":{"line":33,"column":4},"end":{"line":38,"column":null}},{"start":{"line":35,"column":11},"end":{"line":38,"column":null}}]},"2":{"loc":{"start":{"line":42,"column":4},"end":{"line":42,"column":null}},"type":"if","locations":[{"start":{"line":42,"column":4},"end":{"line":42,"column":null}},{"start":{"line":42,"column":4},"end":{"line":42,"column":null}}]},"3":{"loc":{"start":{"line":64,"column":6},"end":{"line":67,"column":null}},"type":"if","locations":[{"start":{"line":64,"column":6},"end":{"line":67,"column":null}},{"start":{"line":64,"column":6},"end":{"line":67,"column":null}}]}},"s":{"0":1,"1":3,"2":3,"3":3,"4":9,"5":8,"6":1,"7":1,"8":3,"9":1,"10":2,"11":1,"12":1,"13":2,"14":6,"15":15,"16":15,"17":6,"18":6,"19":9,"20":55,"21":8,"22":8,"23":6,"24":3},"f":{"0":3,"1":9,"2":3,"3":1,"4":2,"5":6,"6":15,"7":15,"8":3},"b":{"0":[0],"1":[8,1],"2":[1,2],"3":[8,47]}}
,"C:/Users/nanda/PersonalAi/src/persona/loader.ts": {"path":"C:/Users/nanda/PersonalAi/src/persona/loader.ts","statementMap":{"0":{"start":{"line":12,"column":14},"end":{"line":12,"column":null}},"1":{"start":{"line":13,"column":2},"end":{"line":13,"column":null}},"2":{"start":{"line":18,"column":14},"end":{"line":18,"column":null}},"3":{"start":{"line":19,"column":17},"end":{"line":19,"column":null}},"4":{"start":{"line":20,"column":2},"end":{"line":23,"column":null}},"5":{"start":{"line":21,"column":4},"end":{"line":21,"column":null}},"6":{"start":{"line":22,"column":4},"end":{"line":22,"column":null}},"7":{"start":{"line":24,"column":2},"end":{"line":24,"column":null}},"8":{"start":{"line":25,"column":2},"end":{"line":25,"column":null}},"9":{"start":{"line":30,"column":14},"end":{"line":30,"column":null}},"10":{"start":{"line":31,"column":17},"end":{"line":31,"column":null}},"11":{"start":{"line":32,"column":2},"end":{"line":34,"column":null}},"12":{"start":{"line":33,"column":4},"end":{"line":33,"column":null}},"13":{"start":{"line":35,"column":2},"end":{"line":35,"column":null}},"14":{"start":{"line":36,"column":2},"end":{"line":36,"column":null}},"15":{"start":{"line":41,"column":18},"end":{"line":41,"column":null}},"16":{"start":{"line":42,"column":2},"end":{"line":45,"column":null}},"17":{"start":{"line":43,"column":4},"end":{"line":44,"column":null}},"18":{"start":{"line":43,"column":10},"end":{"line":43,"column":42}},"19":{"start":{"line":44,"column":16},"end":{"line":44,"column":76}},"20":{"start":{"line":46,"column":2},"end":{"line":46,"column":null}},"21":{"start":{"line":46,"column":17},"end":{"line":46,"column":38}},"22":{"start":{"line":50,"column":18},"end":{"line":50,"column":null}},"23":{"start":{"line":51,"column":2},"end":{"line":54,"column":null}},"24":{"start":{"line":52,"column":4},"end":{"line":53,"column":null}},"25":{"start":{"line":52,"column":10},"end":{"line":52,"column":43}},"26":{"start":{"line":53,"column":16},"end":{"line":53,"column":76}},"27":{"start":{"line":55,"column":2},"end":{"line":55,"column":null}},"28":{"start":{"line":55,"column":17},"end":{"line":55,"column":38}}},"fnMap":{"0":{"name":"readYaml","decl":{"start":{"line":11,"column":9},"end":{"line":11,"column":18}},"loc":{"start":{"line":11,"column":45},"end":{"line":14,"column":null}}},"1":{"name":"loadPersona","decl":{"start":{"line":17,"column":16},"end":{"line":17,"column":28}},"loc":{"start":{"line":17,"column":61},"end":{"line":26,"column":null}}},"2":{"name":"loadProfiles","decl":{"start":{"line":29,"column":16},"end":{"line":29,"column":29}},"loc":{"start":{"line":29,"column":63},"end":{"line":37,"column":null}}},"3":{"name":"watchPersona","decl":{"start":{"line":40,"column":16},"end":{"line":40,"column":29}},"loc":{"start":{"line":40,"column":97},"end":{"line":47,"column":null}}},"4":{"name":"(anonymous_4)","decl":{"start":{"line":42,"column":23},"end":{"line":42,"column":29}},"loc":{"start":{"line":42,"column":29},"end":{"line":45,"column":3}}},"5":{"name":"(anonymous_5)","decl":{"start":{"line":46,"column":9},"end":{"line":46,"column":15}},"loc":{"start":{"line":46,"column":15},"end":{"line":46,"column":null}}},"6":{"name":"watchProfiles","decl":{"start":{"line":49,"column":16},"end":{"line":49,"column":30}},"loc":{"start":{"line":49,"column":99},"end":{"line":56,"column":null}}},"7":{"name":"(anonymous_7)","decl":{"start":{"line":51,"column":23},"end":{"line":51,"column":29}},"loc":{"start":{"line":51,"column":29},"end":{"line":54,"column":3}}},"8":{"name":"(anonymous_8)","decl":{"start":{"line":55,"column":9},"end":{"line":55,"column":15}},"loc":{"start":{"line":55,"column":15},"end":{"line":55,"column":null}}}},"branchMap":{"0":{"loc":{"start":{"line":20,"column":2},"end":{"line":23,"column":null}},"type":"if","locations":[{"start":{"line":20,"column":2},"end":{"line":23,"column":null}},{"start":{"line":20,"column":2},"end":{"line":23,"column":null}}]},"1":{"loc":{"start":{"line":32,"column":2},"end":{"line":34,"column":null}},"type":"if","locations":[{"start":{"line":32,"column":2},"end":{"line":34,"column":null}},{"start":{"line":32,"column":2},"end":{"line":34,"column":null}}]}},"s":{"0":0,"1":0,"2":0,"3":0,"4":0,"5":0,"6":0,"7":0,"8":0,"9":0,"10":0,"11":0,"12":0,"13":0,"14":0,"15":0,"16":0,"17":0,"18":0,"19":0,"20":0,"21":0,"22":0,"23":0,"24":0,"25":0,"26":0,"27":0,"28":0},"f":{"0":0,"1":0,"2":0,"3":0,"4":0,"5":0,"6":0,"7":0,"8":0},"b":{"0":[0,0],"1":[0,0]}}
,"C:/Users/nanda/PersonalAi/src/persona/profiles.ts": {"path":"C:/Users/nanda/PersonalAi/src/persona/profiles.ts","statementMap":{"0":{"start":{"line":9,"column":22},"end":{"line":9,"column":46}},"1":{"start":{"line":10,"column":4},"end":{"line":10,"column":null}},"2":{"start":{"line":11,"column":4},"end":{"line":11,"column":null}},"3":{"start":{"line":13,"column":4},"end":{"line":17,"column":null}},"4":{"start":{"line":14,"column":20},"end":{"line":14,"column":null}},"5":{"start":{"line":15,"column":6},"end":{"line":15,"column":null}},"6":{"start":{"line":16,"column":6},"end":{"line":16,"column":null}},"7":{"start":{"line":21,"column":4},"end":{"line":21,"column":null}},"8":{"start":{"line":25,"column":4},"end":{"line":25,"column":null}},"9":{"start":{"line":29,"column":4},"end":{"line":31,"column":null}},"10":{"start":{"line":30,"column":6},"end":{"line":30,"column":null}},"11":{"start":{"line":32,"column":4},"end":{"line":32,"column":null}},"12":{"start":{"line":33,"column":4},"end":{"line":33,"column":null}},"13":{"start":{"line":37,"column":4},"end":{"line":37,"column":null}},"14":{"start":{"line":41,"column":4},"end":{"line":41,"column":null}},"15":{"start":{"line":45,"column":4},"end":{"line":45,"column":null}},"16":{"start":{"line":49,"column":4},"end":{"line":49,"column":null}},"17":{"start":{"line":54,"column":4},"end":{"line":54,"column":null}},"18":{"start":{"line":55,"column":4},"end":{"line":57,"column":null}},"19":{"start":{"line":56,"column":6},"end":{"line":56,"column":null}},"20":{"start":{"line":58,"column":4},"end":{"line":58,"column":null}}},"fnMap":{"0":{"name":"(anonymous_0)","decl":{"start":{"line":9,"column":2},"end":{"line":9,"column":22}},"loc":{"start":{"line":9,"column":46},"end":{"line":18,"column":null}}},"1":{"name":"(anonymous_1)","decl":{"start":{"line":20,"column":2},"end":{"line":20,"column":29}},"loc":{"start":{"line":20,"column":29},"end":{"line":22,"column":null}}},"2":{"name":"(anonymous_2)","decl":{"start":{"line":24,"column":2},"end":{"line":24,"column":26}},"loc":{"start":{"line":24,"column":26},"end":{"line":26,"column":null}}},"3":{"name":"(anonymous_3)","decl":{"start":{"line":28,"column":2},"end":{"line":28,"column":12}},"loc":{"start":{"line":28,"column":32},"end":{"line":34,"column":null}}},"4":{"name":"(anonymous_4)","decl":{"start":{"line":36,"column":2},"end":{"line":36,"column":42}},"loc":{"start":{"line":36,"column":42},"end":{"line":38,"column":null}}},"5":{"name":"(anonymous_5)","decl":{"start":{"line":40,"column":2},"end":{"line":40,"column":27}},"loc":{"start":{"line":40,"column":27},"end":{"line":42,"column":null}}},"6":{"name":"(anonymous_6)","decl":{"start":{"line":44,"column":2},"end":{"line":44,"column":30}},"loc":{"start":{"line":44,"column":30},"end":{"line":46,"column":null}}},"7":{"name":"(anonymous_7)","decl":{"start":{"line":48,"column":2},"end":{"line":48,"column":27}},"loc":{"start":{"line":48,"column":27},"end":{"line":50,"column":null}}},"8":{"name":"(anonymous_8)","decl":{"start":{"line":53,"column":2},"end":{"line":53,"column":9}},"loc":{"start":{"line":53,"column":39},"end":{"line":59,"column":null}}}},"branchMap":{"0":{"loc":{"start":{"line":13,"column":4},"end":{"line":17,"column":null}},"type":"if","locations":[{"start":{"line":13,"column":4},"end":{"line":17,"column":null}},{"start":{"line":13,"column":4},"end":{"line":17,"column":null}}]},"1":{"loc":{"start":{"line":15,"column":20},"end":{"line":15,"column":null}},"type":"binary-expr","locations":[{"start":{"line":15,"column":20},"end":{"line":15,"column":29}},{"start":{"line":15,"column":29},"end":{"line":15,"column":null}}]},"2":{"loc":{"start":{"line":29,"column":4},"end":{"line":31,"column":null}},"type":"if","locations":[{"start":{"line":29,"column":4},"end":{"line":31,"column":null}},{"start":{"line":29,"column":4},"end":{"line":31,"column":null}}]},"3":{"loc":{"start":{"line":41,"column":11},"end":{"line":41,"column":null}},"type":"binary-expr","locations":[{"start":{"line":41,"column":11},"end":{"line":41,"column":44}},{"start":{"line":41,"column":44},"end":{"line":41,"column":null}}]},"4":{"loc":{"start":{"line":55,"column":4},"end":{"line":57,"column":null}},"type":"if","locations":[{"start":{"line":55,"column":4},"end":{"line":57,"column":null}},{"start":{"line":55,"column":4},"end":{"line":57,"column":null}}]}},"s":{"0":7,"1":7,"2":7,"3":7,"4":1,"5":1,"6":1,"7":5,"8":3,"9":4,"10":1,"11":3,"12":3,"13":1,"14":1,"15":1,"16":2,"17":1,"18":1,"19":0,"20":1},"f":{"0":7,"1":5,"2":3,"3":4,"4":1,"5":1,"6":1,"7":2,"8":1},"b":{"0":[1,6],"1":[1,0],"2":[1,3],"3":[1,0],"4":[0,1]}}
,"C:/Users/nanda/PersonalAi/src/persona/system-prompt.ts": {"path":"C:/Users/nanda/PersonalAi/src/persona/system-prompt.ts","statementMap":{"0":{"start":{"line":5,"column":22},"end":{"line":5,"column":null}},"1":{"start":{"line":8,"column":2},"end":{"line":8,"column":null}},"2":{"start":{"line":8,"column":33},"end":{"line":8,"column":52}},"3":{"start":{"line":13,"column":2},"end":{"line":13,"column":null}},"4":{"start":{"line":22,"column":17},"end":{"line":22,"column":null}},"5":{"start":{"line":22,"column":46},"end":{"line":22,"column":73}},"6":{"start":{"line":23,"column":15},"end":{"line":23,"column":null}},"7":{"start":{"line":24,"column":2},"end":{"line":26,"column":null}},"8":{"start":{"line":25,"column":4},"end":{"line":25,"column":null}},"9":{"start":{"line":27,"column":2},"end":{"line":27,"column":null}},"10":{"start":{"line":31,"column":2},"end":{"line":31,"column":null}},"11":{"start":{"line":31,"column":27},"end":{"line":31,"column":55}},"12":{"start":{"line":48,"column":20},"end":{"line":48,"column":null}},"13":{"start":{"line":49,"column":20},"end":{"line":49,"column":null}},"14":{"start":{"line":51,"column":2},"end":{"line":53,"column":null}},"15":{"start":{"line":52,"column":4},"end":{"line":52,"column":null}},"16":{"start":{"line":54,"column":2},"end":{"line":54,"column":null}},"17":{"start":{"line":65,"column":19},"end":{"line":65,"column":null}},"18":{"start":{"line":66,"column":19},"end":{"line":66,"column":null}},"19":{"start":{"line":68,"column":29},"end":{"line":72,"column":null}},"20":{"start":{"line":74,"column":2},"end":{"line":76,"column":null}},"21":{"start":{"line":75,"column":4},"end":{"line":75,"column":null}},"22":{"start":{"line":75,"column":64},"end":{"line":75,"column":72}},"23":{"start":{"line":78,"column":2},"end":{"line":80,"column":null}},"24":{"start":{"line":79,"column":4},"end":{"line":79,"column":null}},"25":{"start":{"line":79,"column":56},"end":{"line":79,"column":66}},"26":{"start":{"line":82,"column":2},"end":{"line":84,"column":null}},"27":{"start":{"line":83,"column":4},"end":{"line":83,"column":null}},"28":{"start":{"line":86,"column":2},"end":{"line":88,"column":null}},"29":{"start":{"line":87,"column":4},"end":{"line":87,"column":null}},"30":{"start":{"line":90,"column":21},"end":{"line":90,"column":null}},"31":{"start":{"line":91,"column":21},"end":{"line":91,"column":null}},"32":{"start":{"line":93,"column":2},"end":{"line":95,"column":null}},"33":{"start":{"line":94,"column":4},"end":{"line":94,"column":null}},"34":{"start":{"line":97,"column":2},"end":{"line":97,"column":null}},"35":{"start":{"line":97,"column":20},"end":{"line":97,"column":null}},"36":{"start":{"line":99,"column":2},"end":{"line":99,"column":null}},"37":{"start":{"line":110,"column":10},"end":{"line":110,"column":null}},"38":{"start":{"line":111,"column":26},"end":{"line":113,"column":null}},"39":{"start":{"line":115,"column":2},"end":{"line":115,"column":null}},"40":{"start":{"line":115,"column":25},"end":{"line":115,"column":null}},"41":{"start":{"line":116,"column":2},"end":{"line":116,"column":null}},"42":{"start":{"line":116,"column":25},"end":{"line":116,"column":null}},"43":{"start":{"line":118,"column":2},"end":{"line":120,"column":null}},"44":{"start":{"line":119,"column":4},"end":{"line":119,"column":null}},"45":{"start":{"line":122,"column":2},"end":{"line":124,"column":null}},"46":{"start":{"line":123,"column":4},"end":{"line":123,"column":null}},"47":{"start":{"line":126,"column":2},"end":{"line":130,"column":null}},"48":{"start":{"line":127,"column":4},"end":{"line":129,"column":null}},"49":{"start":{"line":128,"column":6},"end":{"line":128,"column":null}},"50":{"start":{"line":132,"column":2},"end":{"line":136,"column":null}},"51":{"start":{"line":133,"column":4},"end":{"line":135,"column":null}},"52":{"start":{"line":134,"column":6},"end":{"line":134,"column":null}},"53":{"start":{"line":138,"column":21},"end":{"line":138,"column":null}},"54":{"start":{"line":139,"column":21},"end":{"line":139,"column":null}},"55":{"start":{"line":141,"column":2},"end":{"line":143,"column":null}},"56":{"start":{"line":142,"column":4},"end":{"line":142,"column":null}},"57":{"start":{"line":142,"column":52},"end":{"line":142,"column":61}},"58":{"start":{"line":145,"column":2},"end":{"line":145,"column":null}},"59":{"start":{"line":145,"column":20},"end":{"line":145,"column":null}},"60":{"start":{"line":147,"column":2},"end":{"line":147,"column":null}}},"fnMap":{"0":{"name":"isGemma3Model","decl":{"start":{"line":7,"column":16},"end":{"line":7,"column":30}},"loc":{"start":{"line":7,"column":54},"end":{"line":9,"column":null}}},"1":{"name":"(anonymous_1)","decl":{"start":{"line":8,"column":28},"end":{"line":8,"column":33}},"loc":{"start":{"line":8,"column":33},"end":{"line":8,"column":52}}},"2":{"name":"estimateTokens","decl":{"start":{"line":12,"column":16},"end":{"line":12,"column":31}},"loc":{"start":{"line":12,"column":53},"end":{"line":14,"column":null}}},"3":{"name":"trimMemoriesIfNeeded","decl":{"start":{"line":17,"column":16},"end":{"line":17,"column":null}},"loc":{"start":{"line":21,"column":12},"end":{"line":28,"column":null}}},"4":{"name":"(anonymous_4)","decl":{"start":{"line":22,"column":36},"end":{"line":22,"column":37}},"loc":{"start":{"line":22,"column":46},"end":{"line":22,"column":73}}},"5":{"name":"memBlock","decl":{"start":{"line":30,"column":9},"end":{"line":30,"column":18}},"loc":{"start":{"line":30,"column":46},"end":{"line":32,"column":null}}},"6":{"name":"(anonymous_6)","decl":{"start":{"line":31,"column":22},"end":{"line":31,"column":27}},"loc":{"start":{"line":31,"column":27},"end":{"line":31,"column":55}}},"7":{"name":"buildSystemPrompt","decl":{"start":{"line":40,"column":16},"end":{"line":40,"column":null}},"loc":{"start":{"line":47,"column":10},"end":{"line":55,"column":null}}},"8":{"name":"buildMarkdownPrompt","decl":{"start":{"line":57,"column":9},"end":{"line":57,"column":null}},"loc":{"start":{"line":64,"column":10},"end":{"line":100,"column":null}}},"9":{"name":"(anonymous_9)","decl":{"start":{"line":75,"column":59},"end":{"line":75,"column":64}},"loc":{"start":{"line":75,"column":64},"end":{"line":75,"column":72}}},"10":{"name":"(anonymous_10)","decl":{"start":{"line":79,"column":51},"end":{"line":79,"column":56}},"loc":{"start":{"line":79,"column":56},"end":{"line":79,"column":66}}},"11":{"name":"buildGemma3Prompt","decl":{"start":{"line":102,"column":9},"end":{"line":102,"column":null}},"loc":{"start":{"line":109,"column":10},"end":{"line":148,"column":null}}},"12":{"name":"(anonymous_12)","decl":{"start":{"line":142,"column":47},"end":{"line":142,"column":52}},"loc":{"start":{"line":142,"column":52},"end":{"line":142,"column":61}}}},"branchMap":{"0":{"loc":{"start":{"line":24,"column":9},"end":{"line":24,"column":105}},"type":"binary-expr","locations":[{"start":{"line":24,"column":9},"end":{"line":24,"column":30}},{"start":{"line":24,"column":30},"end":{"line":24,"column":105}}]},"1":{"loc":{"start":{"line":46,"column":2},"end":{"line":46,"column":null}},"type":"default-arg","locations":[{"start":{"line":46,"column":14},"end":{"line":46,"column":null}}]},"2":{"loc":{"start":{"line":48,"column":20},"end":{"line":48,"column":null}},"type":"cond-expr","locations":[{"start":{"line":48,"column":32},"end":{"line":48,"column":39}},{"start":{"line":48,"column":39},"end":{"line":48,"column":null}}]},"3":{"loc":{"start":{"line":51,"column":2},"end":{"line":53,"column":null}},"type":"if","locations":[{"start":{"line":51,"column":2},"end":{"line":53,"column":null}},{"start":{"line":51,"column":2},"end":{"line":53,"column":null}}]},"4":{"loc":{"start":{"line":65,"column":19},"end":{"line":65,"column":null}},"type":"cond-expr","locations":[{"start":{"line":65,"column":39},"end":{"line":65,"column":85}},{"start":{"line":65,"column":85},"end":{"line":65,"column":null}}]},"5":{"loc":{"start":{"line":66,"column":19},"end":{"line":66,"column":null}},"type":"cond-expr","locations":[{"start":{"line":66,"column":34},"end":{"line":66,"column":62}},{"start":{"line":66,"column":62},"end":{"line":66,"column":null}}]},"6":{"loc":{"start":{"line":74,"column":2},"end":{"line":76,"column":null}},"type":"if","locations":[{"start":{"line":74,"column":2},"end":{"line":76,"column":null}},{"start":{"line":74,"column":2},"end":{"line":76,"column":null}}]},"7":{"loc":{"start":{"line":78,"column":2},"end":{"line":80,"column":null}},"type":"if","locations":[{"start":{"line":78,"column":2},"end":{"line":80,"column":null}},{"start":{"line":78,"column":2},"end":{"line":80,"column":null}}]},"8":{"loc":{"start":{"line":82,"column":2},"end":{"line":84,"column":null}},"type":"if","locations":[{"start":{"line":82,"column":2},"end":{"line":84,"column":null}},{"start":{"line":82,"column":2},"end":{"line":84,"column":null}}]},"9":{"loc":{"start":{"line":86,"column":2},"end":{"line":88,"column":null}},"type":"if","locations":[{"start":{"line":86,"column":2},"end":{"line":88,"column":null}},{"start":{"line":86,"column":2},"end":{"line":88,"column":null}}]},"10":{"loc":{"start":{"line":93,"column":2},"end":{"line":95,"column":null}},"type":"if","locations":[{"start":{"line":93,"column":2},"end":{"line":95,"column":null}},{"start":{"line":93,"column":2},"end":{"line":95,"column":null}}]},"11":{"loc":{"start":{"line":97,"column":2},"end":{"line":97,"column":null}},"type":"if","locations":[{"start":{"line":97,"column":2},"end":{"line":97,"column":null}},{"start":{"line":97,"column":2},"end":{"line":97,"column":null}}]},"12":{"loc":{"start":{"line":115,"column":2},"end":{"line":115,"column":null}},"type":"if","locations":[{"start":{"line":115,"column":2},"end":{"line":115,"column":null}},{"start":{"line":115,"column":2},"end":{"line":115,"column":null}}]},"13":{"loc":{"start":{"line":116,"column":2},"end":{"line":116,"column":null}},"type":"if","locations":[{"start":{"line":116,"column":2},"end":{"line":116,"column":null}},{"start":{"line":116,"column":2},"end":{"line":116,"column":null}}]},"14":{"loc":{"start":{"line":118,"column":2},"end":{"line":120,"column":null}},"type":"if","locations":[{"start":{"line":118,"column":2},"end":{"line":120,"column":null}},{"start":{"line":118,"column":2},"end":{"line":120,"column":null}}]},"15":{"loc":{"start":{"line":122,"column":2},"end":{"line":124,"column":null}},"type":"if","locations":[{"start":{"line":122,"column":2},"end":{"line":124,"column":null}},{"start":{"line":122,"column":2},"end":{"line":124,"column":null}}]},"16":{"loc":{"start":{"line":126,"column":2},"end":{"line":130,"column":null}},"type":"if","locations":[{"start":{"line":126,"column":2},"end":{"line":130,"column":null}},{"start":{"line":126,"column":2},"end":{"line":130,"column":null}}]},"17":{"loc":{"start":{"line":132,"column":2},"end":{"line":136,"column":null}},"type":"if","locations":[{"start":{"line":132,"column":2},"end":{"line":136,"column":null}},{"start":{"line":132,"column":2},"end":{"line":136,"column":null}}]},"18":{"loc":{"start":{"line":141,"column":2},"end":{"line":143,"column":null}},"type":"if","locations":[{"start":{"line":141,"column":2},"end":{"line":143,"column":null}},{"start":{"line":141,"column":2},"end":{"line":143,"column":null}}]},"19":{"loc":{"start":{"line":145,"column":2},"end":{"line":145,"column":null}},"type":"if","locations":[{"start":{"line":145,"column":2},"end":{"line":145,"column":null}},{"start":{"line":145,"column":2},"end":{"line":145,"column":null}}]}},"s":{"0":1,"1":4,"2":10,"3":16,"4":11,"5":1,"6":11,"7":11,"8":1,"9":11,"10":8,"11":9,"12":8,"13":8,"14":8,"15":2,"16":6,"17":6,"18":6,"19":6,"20":6,"21":6,"22":6,"23":6,"24":6,"25":6,"26":6,"27":6,"28":6,"29":1,"30":6,"31":6,"32":6,"33":2,"34":6,"35":1,"36":6,"37":2,"38":2,"39":2,"40":2,"41":2,"42":2,"43":2,"44":2,"45":2,"46":2,"47":2,"48":2,"49":2,"50":2,"51":0,"52":0,"53":2,"54":2,"55":2,"56":1,"57":1,"58":2,"59":0,"60":2},"f":{"0":4,"1":10,"2":16,"3":11,"4":1,"5":8,"6":9,"7":8,"8":6,"9":6,"10":6,"11":2,"12":1},"b":{"0":[12,6],"1":[0],"2":[2,6],"3":[2,6],"4":[6,0],"5":[6,0],"6":[6,0],"7":[6,0],"8":[6,0],"9":[1,5],"10":[2,4],"11":[1,5],"12":[2,0],"13":[2,0],"14":[2,0],"15":[2,0],"16":[2,0],"17":[0,2],"18":[1,1],"19":[0,2]}}
,"C:/Users/nanda/PersonalAi/src/persona/types.ts": {"path":"C:/Users/nanda/PersonalAi/src/persona/types.ts","statementMap":{"0":{"start":{"line":4,"column":35},"end":{"line":11,"column":null}},"1":{"start":{"line":13,"column":35},"end":{"line":20,"column":null}},"2":{"start":{"line":22,"column":36},"end":{"line":25,"column":null}}},"fnMap":{},"branchMap":{},"s":{"0":0,"1":0,"2":0},"f":{},"b":{}}
,"C:/Users/nanda/PersonalAi/src/providers/factory.ts": {"path":"C:/Users/nanda/PersonalAi/src/providers/factory.ts","statementMap":{"0":{"start":{"line":7,"column":23},"end":{"line":7,"column":null}},"1":{"start":{"line":8,"column":2},"end":{"line":12,"column":null}},"2":{"start":{"line":11,"column":6},"end":{"line":11,"column":null}},"3":{"start":{"line":17,"column":45},"end":{"line":25,"column":null}},"4":{"start":{"line":26,"column":15},"end":{"line":26,"column":null}},"5":{"start":{"line":27,"column":18},"end":{"line":27,"column":null}},"6":{"start":{"line":27,"column":35},"end":{"line":27,"column":50}},"7":{"start":{"line":28,"column":2},"end":{"line":28,"column":null}}},"fnMap":{"0":{"name":"createProvider","decl":{"start":{"line":6,"column":22},"end":{"line":6,"column":37}},"loc":{"start":{"line":6,"column":75},"end":{"line":13,"column":null}}},"1":{"name":"validateProviderConfig","decl":{"start":{"line":16,"column":16},"end":{"line":16,"column":39}},"loc":{"start":{"line":16,"column":96},"end":{"line":29,"column":null}}},"2":{"name":"(anonymous_2)","decl":{"start":{"line":27,"column":30},"end":{"line":27,"column":35}},"loc":{"start":{"line":27,"column":35},"end":{"line":27,"column":50}}}},"branchMap":{"0":{"loc":{"start":{"line":7,"column":23},"end":{"line":7,"column":null}},"type":"binary-expr","locations":[{"start":{"line":7,"column":23},"end":{"line":7,"column":32}},{"start":{"line":7,"column":32},"end":{"line":7,"column":59}},{"start":{"line":7,"column":59},"end":{"line":7,"column":null}}]},"1":{"loc":{"start":{"line":8,"column":2},"end":{"line":12,"column":null}},"type":"switch","locations":[{"start":{"line":9,"column":4},"end":{"line":9,"column":null}},{"start":{"line":10,"column":4},"end":{"line":11,"column":null}}]},"2":{"loc":{"start":{"line":26,"column":15},"end":{"line":26,"column":null}},"type":"binary-expr","locations":[{"start":{"line":26,"column":15},"end":{"line":26,"column":51}},{"start":{"line":26,"column":51},"end":{"line":26,"column":null}}]}},"s":{"0":0,"1":0,"2":0,"3":0,"4":0,"5":0,"6":0,"7":0},"f":{"0":0,"1":0,"2":0},"b":{"0":[0,0,0],"1":[0,0],"2":[0,0]}}
,"C:/Users/nanda/PersonalAi/src/providers/ollama.ts": {"path":"C:/Users/nanda/PersonalAi/src/providers/ollama.ts","statementMap":{"0":{"start":{"line":8,"column":29},"end":{"line":10,"column":null}},"1":{"start":{"line":13,"column":2},"end":{"line":13,"column":null}},"2":{"start":{"line":13,"column":40},"end":{"line":13,"column":59}},"3":{"start":{"line":17,"column":15},"end":{"line":19,"column":null}},"4":{"start":{"line":18,"column":14},"end":{"line":18,"column":88}},"5":{"start":{"line":20,"column":2},"end":{"line":27,"column":null}},"6":{"start":{"line":31,"column":13},"end":{"line":31,"column":null}},"7":{"start":{"line":32,"column":13},"end":{"line":32,"column":null}},"8":{"start":{"line":34,"column":2},"end":{"line":42,"column":null}},"9":{"start":{"line":35,"column":4},"end":{"line":35,"column":null}},"10":{"start":{"line":35,"column":28},"end":{"line":35,"column":null}},"11":{"start":{"line":36,"column":10},"end":{"line":36,"column":null}},"12":{"start":{"line":37,"column":10},"end":{"line":37,"column":null}},"13":{"start":{"line":38,"column":24},"end":{"line":38,"column":null}},"14":{"start":{"line":39,"column":4},"end":{"line":39,"column":null}},"15":{"start":{"line":39,"column":10},"end":{"line":39,"column":37}},"16":{"start":{"line":39,"column":47},"end":{"line":39,"column":71}},"17":{"start":{"line":40,"column":4},"end":{"line":40,"column":null}},"18":{"start":{"line":41,"column":4},"end":{"line":41,"column":null}},"19":{"start":{"line":43,"column":2},"end":{"line":43,"column":null}},"20":{"start":{"line":43,"column":29},"end":{"line":43,"column":null}},"21":{"start":{"line":54,"column":30},"end":{"line":54,"column":null}},"22":{"start":{"line":55,"column":2},"end":{"line":61,"column":null}},"23":{"start":{"line":56,"column":14},"end":{"line":56,"column":null}},"24":{"start":{"line":57,"column":4},"end":{"line":57,"column":null}},"25":{"start":{"line":57,"column":33},"end":{"line":57,"column":null}},"26":{"start":{"line":58,"column":4},"end":{"line":58,"column":null}},"27":{"start":{"line":59,"column":2},"end":{"line":61,"column":null}},"28":{"start":{"line":60,"column":4},"end":{"line":60,"column":null}},"29":{"start":{"line":62,"column":2},"end":{"line":64,"column":null}},"30":{"start":{"line":63,"column":4},"end":{"line":63,"column":null}},"31":{"start":{"line":65,"column":2},"end":{"line":65,"column":null}},"32":{"start":{"line":69,"column":14},"end":{"line":69,"column":null}},"33":{"start":{"line":70,"column":2},"end":{"line":70,"column":null}},"34":{"start":{"line":70,"column":12},"end":{"line":70,"column":null}},"35":{"start":{"line":71,"column":2},"end":{"line":78,"column":null}},"36":{"start":{"line":72,"column":4},"end":{"line":74,"column":null}},"37":{"start":{"line":73,"column":6},"end":{"line":73,"column":null}},"38":{"start":{"line":75,"column":2},"end":{"line":78,"column":null}},"39":{"start":{"line":76,"column":4},"end":{"line":77,"column":null}},"40":{"start":{"line":76,"column":18},"end":{"line":76,"column":53}},"41":{"start":{"line":77,"column":19},"end":{"line":77,"column":62}},"42":{"start":{"line":85,"column":18},"end":{"line":85,"column":null}},"43":{"start":{"line":86,"column":18},"end":{"line":86,"column":null}},"44":{"start":{"line":87,"column":18},"end":{"line":87,"column":null}},"45":{"start":{"line":88,"column":2},"end":{"line":106,"column":null}},"46":{"start":{"line":89,"column":28},"end":{"line":89,"column":null}},"47":{"start":{"line":90,"column":4},"end":{"line":90,"column":null}},"48":{"start":{"line":90,"column":14},"end":{"line":90,"column":null}},"49":{"start":{"line":91,"column":4},"end":{"line":91,"column":null}},"50":{"start":{"line":92,"column":18},"end":{"line":92,"column":null}},"51":{"start":{"line":93,"column":4},"end":{"line":93,"column":null}},"52":{"start":{"line":94,"column":4},"end":{"line":105,"column":null}},"53":{"start":{"line":95,"column":22},"end":{"line":95,"column":null}},"54":{"start":{"line":96,"column":6},"end":{"line":96,"column":null}},"55":{"start":{"line":96,"column":20},"end":{"line":96,"column":null}},"56":{"start":{"line":98,"column":6},"end":{"line":98,"column":null}},"57":{"start":{"line":98,"column":12},"end":{"line":98,"column":56}},"58":{"start":{"line":98,"column":66},"end":{"line":98,"column":75}},"59":{"start":{"line":99,"column":6},"end":{"line":104,"column":null}},"60":{"start":{"line":100,"column":18},"end":{"line":100,"column":null}},"61":{"start":{"line":101,"column":8},"end":{"line":101,"column":null}},"62":{"start":{"line":103,"column":8},"end":{"line":103,"column":null}},"63":{"start":{"line":110,"column":29},"end":{"line":110,"column":null}},"64":{"start":{"line":111,"column":31},"end":{"line":111,"column":null}},"65":{"start":{"line":120,"column":4},"end":{"line":120,"column":null}},"66":{"start":{"line":121,"column":4},"end":{"line":121,"column":null}},"67":{"start":{"line":122,"column":4},"end":{"line":122,"column":null}},"68":{"start":{"line":123,"column":4},"end":{"line":123,"column":null}},"69":{"start":{"line":124,"column":4},"end":{"line":124,"column":null}},"70":{"start":{"line":128,"column":22},"end":{"line":128,"column":null}},"71":{"start":{"line":129,"column":22},"end":{"line":129,"column":null}},"72":{"start":{"line":130,"column":22},"end":{"line":130,"column":null}},"73":{"start":{"line":132,"column":42},"end":{"line":137,"column":null}},"74":{"start":{"line":138,"column":4},"end":{"line":138,"column":null}},"75":{"start":{"line":138,"column":36},"end":{"line":138,"column":null}},"76":{"start":{"line":141,"column":4},"end":{"line":150,"column":null}},"77":{"start":{"line":142,"column":6},"end":{"line":146,"column":null}},"78":{"start":{"line":148,"column":6},"end":{"line":148,"column":null}},"79":{"start":{"line":149,"column":6},"end":{"line":149,"column":null}},"80":{"start":{"line":152,"column":4},"end":{"line":155,"column":null}},"81":{"start":{"line":153,"column":6},"end":{"line":153,"column":null}},"82":{"start":{"line":154,"column":6},"end":{"line":154,"column":null}},"83":{"start":{"line":156,"column":4},"end":{"line":156,"column":null}},"84":{"start":{"line":156,"column":26},"end":{"line":156,"column":80}},"85":{"start":{"line":156,"column":80},"end":{"line":156,"column":87}},"86":{"start":{"line":159,"column":4},"end":{"line":162,"column":null}},"87":{"start":{"line":160,"column":6},"end":{"line":160,"column":null}},"88":{"start":{"line":160,"column":29},"end":{"line":160,"column":49}},"89":{"start":{"line":160,"column":49},"end":{"line":160,"column":58}},"90":{"start":{"line":161,"column":6},"end":{"line":161,"column":null}},"91":{"start":{"line":164,"column":22},"end":{"line":164,"column":null}},"92":{"start":{"line":165,"column":4},"end":{"line":165,"column":null}},"93":{"start":{"line":166,"column":4},"end":{"line":166,"column":null}},"94":{"start":{"line":166,"column":15},"end":{"line":166,"column":null}},"95":{"start":{"line":167,"column":4},"end":{"line":167,"column":null}},"96":{"start":{"line":171,"column":18},"end":{"line":171,"column":null}},"97":{"start":{"line":172,"column":4},"end":{"line":180,"column":null}},"98":{"start":{"line":173,"column":18},"end":{"line":173,"column":null}},"99":{"start":{"line":174,"column":24},"end":{"line":174,"column":null}},"100":{"start":{"line":175,"column":6},"end":{"line":175,"column":null}},"101":{"start":{"line":175,"column":19},"end":{"line":175,"column":null}},"102":{"start":{"line":176,"column":6},"end":{"line":176,"column":null}},"103":{"start":{"line":177,"column":6},"end":{"line":177,"column":null}},"104":{"start":{"line":179,"column":6},"end":{"line":179,"column":null}},"105":{"start":{"line":184,"column":4},"end":{"line":191,"column":null}},"106":{"start":{"line":185,"column":19},"end":{"line":185,"column":null}},"107":{"start":{"line":186,"column":6},"end":{"line":186,"column":null}},"108":{"start":{"line":186,"column":19},"end":{"line":186,"column":null}},"109":{"start":{"line":187,"column":19},"end":{"line":187,"column":null}},"110":{"start":{"line":188,"column":6},"end":{"line":190,"column":null}},"111":{"start":{"line":188,"column":43},"end":{"line":190,"column":8}},"112":{"start":{"line":191,"column":14},"end":{"line":191,"column":24}}},"fnMap":{"0":{"name":"isNativeToolModel","decl":{"start":{"line":12,"column":9},"end":{"line":12,"column":27}},"loc":{"start":{"line":12,"column":51},"end":{"line":14,"column":null}}},"1":{"name":"(anonymous_1)","decl":{"start":{"line":13,"column":35},"end":{"line":13,"column":40}},"loc":{"start":{"line":13,"column":40},"end":{"line":13,"column":59}}},"2":{"name":"xmlToolInstructions","decl":{"start":{"line":16,"column":9},"end":{"line":16,"column":29}},"loc":{"start":{"line":16,"column":62},"end":{"line":28,"column":null}}},"3":{"name":"(anonymous_3)","decl":{"start":{"line":18,"column":9},"end":{"line":18,"column":14}},"loc":{"start":{"line":18,"column":14},"end":{"line":18,"column":88}}},"4":{"name":"parseXmlChunks","decl":{"start":{"line":30,"column":10},"end":{"line":30,"column":25}},"loc":{"start":{"line":30,"column":64},"end":{"line":44,"column":null}}},"5":{"name":"buildMessages","decl":{"start":{"line":53,"column":9},"end":{"line":53,"column":23}},"loc":{"start":{"line":53,"column":73},"end":{"line":66,"column":null}}},"6":{"name":"processStreamChunk","decl":{"start":{"line":68,"column":10},"end":{"line":68,"column":29}},"loc":{"start":{"line":68,"column":94},"end":{"line":79,"column":null}}},"7":{"name":"readNdjsonStream","decl":{"start":{"line":81,"column":16},"end":{"line":81,"column":null}},"loc":{"start":{"line":84,"column":53},"end":{"line":107,"column":null}}},"8":{"name":"(anonymous_8)","decl":{"start":{"line":119,"column":2},"end":{"line":119,"column":16}},"loc":{"start":{"line":119,"column":16},"end":{"line":125,"column":null}}},"9":{"name":"(anonymous_9)","decl":{"start":{"line":127,"column":2},"end":{"line":127,"column":9}},"loc":{"start":{"line":127,"column":63},"end":{"line":168,"column":null}}},"10":{"name":"(anonymous_10)","decl":{"start":{"line":170,"column":2},"end":{"line":170,"column":8}},"loc":{"start":{"line":170,"column":47},"end":{"line":181,"column":null}}},"11":{"name":"(anonymous_11)","decl":{"start":{"line":183,"column":2},"end":{"line":183,"column":8}},"loc":{"start":{"line":183,"column":43},"end":{"line":192,"column":null}}},"12":{"name":"(anonymous_12)","decl":{"start":{"line":188,"column":37},"end":{"line":188,"column":43}},"loc":{"start":{"line":188,"column":43},"end":{"line":190,"column":8}}}},"branchMap":{"0":{"loc":{"start":{"line":35,"column":4},"end":{"line":35,"column":null}},"type":"if","locations":[{"start":{"line":35,"column":4},"end":{"line":35,"column":null}},{"start":{"line":35,"column":4},"end":{"line":35,"column":null}}]},"1":{"loc":{"start":{"line":36,"column":21},"end":{"line":36,"column":37}},"type":"binary-expr","locations":[{"start":{"line":36,"column":21},"end":{"line":36,"column":33}},{"start":{"line":36,"column":33},"end":{"line":36,"column":37}}]},"2":{"loc":{"start":{"line":37,"column":21},"end":{"line":37,"column":37}},"type":"binary-expr","locations":[{"start":{"line":37,"column":21},"end":{"line":37,"column":33}},{"start":{"line":37,"column":33},"end":{"line":37,"column":37}}]},"3":{"loc":{"start":{"line":43,"column":2},"end":{"line":43,"column":null}},"type":"if","locations":[{"start":{"line":43,"column":2},"end":{"line":43,"column":null}},{"start":{"line":43,"column":2},"end":{"line":43,"column":null}}]},"4":{"loc":{"start":{"line":55,"column":2},"end":{"line":61,"column":null}},"type":"if","locations":[{"start":{"line":55,"column":2},"end":{"line":61,"column":null}},{"start":{"line":59,"column":2},"end":{"line":61,"column":null}}]},"5":{"loc":{"start":{"line":57,"column":4},"end":{"line":57,"column":null}},"type":"if","locations":[{"start":{"line":57,"column":4},"end":{"line":57,"column":null}},{"start":{"line":57,"column":4},"end":{"line":57,"column":null}}]},"6":{"loc":{"start":{"line":57,"column":8},"end":{"line":57,"column":33}},"type":"binary-expr","locations":[{"start":{"line":57,"column":8},"end":{"line":57,"column":18}},{"start":{"line":57,"column":18},"end":{"line":57,"column":33}}]},"7":{"loc":{"start":{"line":59,"column":2},"end":{"line":61,"column":null}},"type":"if","locations":[{"start":{"line":59,"column":2},"end":{"line":61,"column":null}},{"start":{"line":59,"column":2},"end":{"line":61,"column":null}}]},"8":{"loc":{"start":{"line":59,"column":13},"end":{"line":59,"column":38}},"type":"binary-expr","locations":[{"start":{"line":59,"column":13},"end":{"line":59,"column":23}},{"start":{"line":59,"column":23},"end":{"line":59,"column":38}}]},"9":{"loc":{"start":{"line":63,"column":58},"end":{"line":63,"column":90}},"type":"cond-expr","locations":[{"start":{"line":63,"column":67},"end":{"line":63,"column":86}},{"start":{"line":63,"column":86},"end":{"line":63,"column":90}}]},"10":{"loc":{"start":{"line":70,"column":2},"end":{"line":70,"column":null}},"type":"if","locations":[{"start":{"line":70,"column":2},"end":{"line":70,"column":null}},{"start":{"line":70,"column":2},"end":{"line":70,"column":null}}]},"11":{"loc":{"start":{"line":71,"column":2},"end":{"line":78,"column":null}},"type":"if","locations":[{"start":{"line":71,"column":2},"end":{"line":78,"column":null}},{"start":{"line":75,"column":2},"end":{"line":78,"column":null}}]},"12":{"loc":{"start":{"line":75,"column":2},"end":{"line":78,"column":null}},"type":"if","locations":[{"start":{"line":75,"column":2},"end":{"line":78,"column":null}},{"start":{"line":75,"column":2},"end":{"line":78,"column":null}}]},"13":{"loc":{"start":{"line":76,"column":4},"end":{"line":77,"column":null}},"type":"if","locations":[{"start":{"line":76,"column":4},"end":{"line":77,"column":null}},{"start":{"line":77,"column":17},"end":{"line":77,"column":null}}]},"14":{"loc":{"start":{"line":90,"column":4},"end":{"line":90,"column":null}},"type":"if","locations":[{"start":{"line":90,"column":4},"end":{"line":90,"column":null}},{"start":{"line":90,"column":4},"end":{"line":90,"column":null}}]},"15":{"loc":{"start":{"line":93,"column":13},"end":{"line":93,"column":null}},"type":"binary-expr","locations":[{"start":{"line":93,"column":13},"end":{"line":93,"column":28}},{"start":{"line":93,"column":28},"end":{"line":93,"column":null}}]},"16":{"loc":{"start":{"line":96,"column":6},"end":{"line":96,"column":null}},"type":"if","locations":[{"start":{"line":96,"column":6},"end":{"line":96,"column":null}},{"start":{"line":96,"column":6},"end":{"line":96,"column":null}}]},"17":{"loc":{"start":{"line":99,"column":6},"end":{"line":104,"column":null}},"type":"if","locations":[{"start":{"line":99,"column":6},"end":{"line":104,"column":null}},{"start":{"line":102,"column":13},"end":{"line":104,"column":null}}]},"18":{"loc":{"start":{"line":101,"column":32},"end":{"line":101,"column":58}},"type":"binary-expr","locations":[{"start":{"line":101,"column":32},"end":{"line":101,"column":55}},{"start":{"line":101,"column":55},"end":{"line":101,"column":58}}]},"19":{"loc":{"start":{"line":101,"column":66},"end":{"line":101,"column":84}},"type":"binary-expr","locations":[{"start":{"line":101,"column":66},"end":{"line":101,"column":82}},{"start":{"line":101,"column":82},"end":{"line":101,"column":84}}]},"20":{"loc":{"start":{"line":120,"column":23},"end":{"line":120,"column":null}},"type":"binary-expr","locations":[{"start":{"line":120,"column":23},"end":{"line":120,"column":60}},{"start":{"line":120,"column":60},"end":{"line":120,"column":null}}]},"21":{"loc":{"start":{"line":121,"column":23},"end":{"line":121,"column":null}},"type":"binary-expr","locations":[{"start":{"line":121,"column":23},"end":{"line":121,"column":60}},{"start":{"line":121,"column":60},"end":{"line":121,"column":null}}]},"22":{"loc":{"start":{"line":122,"column":32},"end":{"line":122,"column":77}},"type":"binary-expr","locations":[{"start":{"line":122,"column":32},"end":{"line":122,"column":69}},{"start":{"line":122,"column":69},"end":{"line":122,"column":77}}]},"23":{"loc":{"start":{"line":123,"column":34},"end":{"line":123,"column":76}},"type":"binary-expr","locations":[{"start":{"line":123,"column":34},"end":{"line":123,"column":71}},{"start":{"line":123,"column":71},"end":{"line":123,"column":76}}]},"24":{"loc":{"start":{"line":129,"column":22},"end":{"line":129,"column":null}},"type":"binary-expr","locations":[{"start":{"line":129,"column":22},"end":{"line":129,"column":56}},{"start":{"line":129,"column":50},"end":{"line":129,"column":null}}]},"25":{"loc":{"start":{"line":129,"column":56},"end":{"line":129,"column":86}},"type":"binary-expr","locations":[{"start":{"line":129,"column":56},"end":{"line":129,"column":81}},{"start":{"line":129,"column":81},"end":{"line":129,"column":86}}]},"26":{"loc":{"start":{"line":130,"column":22},"end":{"line":130,"column":null}},"type":"binary-expr","locations":[{"start":{"line":130,"column":22},"end":{"line":130,"column":37}},{"start":{"line":130,"column":23},"end":{"line":130,"column":null}}]},"27":{"loc":{"start":{"line":130,"column":37},"end":{"line":130,"column":67}},"type":"binary-expr","locations":[{"start":{"line":130,"column":37},"end":{"line":130,"column":62}},{"start":{"line":130,"column":62},"end":{"line":130,"column":67}}]},"28":{"loc":{"start":{"line":136,"column":53},"end":{"line":136,"column":93}},"type":"binary-expr","locations":[{"start":{"line":136,"column":53},"end":{"line":136,"column":76}},{"start":{"line":136,"column":76},"end":{"line":136,"column":93}}]},"29":{"loc":{"start":{"line":138,"column":4},"end":{"line":138,"column":null}},"type":"if","locations":[{"start":{"line":138,"column":4},"end":{"line":138,"column":null}},{"start":{"line":138,"column":4},"end":{"line":138,"column":null}}]},"30":{"loc":{"start":{"line":138,"column":8},"end":{"line":138,"column":36}},"type":"binary-expr","locations":[{"start":{"line":138,"column":8},"end":{"line":138,"column":21}},{"start":{"line":138,"column":21},"end":{"line":138,"column":36}}]},"31":{"loc":{"start":{"line":148,"column":67},"end":{"line":148,"column":115}},"type":"cond-expr","locations":[{"start":{"line":148,"column":90},"end":{"line":148,"column":104}},{"start":{"line":148,"column":104},"end":{"line":148,"column":115}}]},"32":{"loc":{"start":{"line":152,"column":4},"end":{"line":155,"column":null}},"type":"if","locations":[{"start":{"line":152,"column":4},"end":{"line":155,"column":null}},{"start":{"line":152,"column":4},"end":{"line":155,"column":null}}]},"33":{"loc":{"start":{"line":156,"column":4},"end":{"line":156,"column":null}},"type":"if","locations":[{"start":{"line":156,"column":4},"end":{"line":156,"column":null}},{"start":{"line":156,"column":4},"end":{"line":156,"column":null}}]},"34":{"loc":{"start":{"line":160,"column":6},"end":{"line":160,"column":null}},"type":"if","locations":[{"start":{"line":160,"column":6},"end":{"line":160,"column":null}},{"start":{"line":160,"column":6},"end":{"line":160,"column":null}}]},"35":{"loc":{"start":{"line":166,"column":4},"end":{"line":166,"column":null}},"type":"if","locations":[{"start":{"line":166,"column":4},"end":{"line":166,"column":null}},{"start":{"line":166,"column":4},"end":{"line":166,"column":null}}]},"36":{"loc":{"start":{"line":175,"column":6},"end":{"line":175,"column":null}},"type":"if","locations":[{"start":{"line":175,"column":6},"end":{"line":175,"column":null}},{"start":{"line":175,"column":6},"end":{"line":175,"column":null}}]},"37":{"loc":{"start":{"line":186,"column":6},"end":{"line":186,"column":null}},"type":"if","locations":[{"start":{"line":186,"column":6},"end":{"line":186,"column":null}},{"start":{"line":186,"column":6},"end":{"line":186,"column":null}}]},"38":{"loc":{"start":{"line":188,"column":14},"end":{"line":188,"column":33}},"type":"binary-expr","locations":[{"start":{"line":188,"column":14},"end":{"line":188,"column":29}},{"start":{"line":188,"column":29},"end":{"line":188,"column":33}}]}},"s":{"0":1,"1":6,"2":11,"3":0,"4":0,"5":0,"6":0,"7":0,"8":0,"9":0,"10":0,"11":0,"12":0,"13":0,"14":0,"15":0,"16":0,"17":0,"18":0,"19":0,"20":0,"21":2,"22":2,"23":0,"24":0,"25":0,"26":0,"27":2,"28":0,"29":2,"30":1,"31":2,"32":2,"33":2,"34":0,"35":2,"36":0,"37":0,"38":2,"39":2,"40":0,"41":2,"42":1,"43":1,"44":1,"45":1,"46":2,"47":2,"48":1,"49":1,"50":1,"51":1,"52":1,"53":2,"54":2,"55":0,"56":2,"57":2,"58":0,"59":2,"60":0,"61":0,"62":2,"63":4,"64":4,"65":4,"66":4,"67":4,"68":4,"69":4,"70":2,"71":2,"72":2,"73":2,"74":2,"75":0,"76":2,"77":2,"78":1,"79":1,"80":1,"81":0,"82":0,"83":1,"84":0,"85":0,"86":1,"87":2,"88":0,"89":0,"90":2,"91":1,"92":1,"93":1,"94":0,"95":1,"96":0,"97":0,"98":0,"99":0,"100":0,"101":0,"102":0,"103":0,"104":0,"105":0,"106":0,"107":0,"108":0,"109":0,"110":0,"111":0,"112":0},"f":{"0":6,"1":11,"2":0,"3":0,"4":0,"5":2,"6":2,"7":1,"8":4,"9":2,"10":0,"11":0,"12":0},"b":{"0":[0,0],"1":[0,0],"2":[0,0],"3":[0,0],"4":[0,2],"5":[0,0],"6":[0,0],"7":[0,2],"8":[2,0],"9":[0,1],"10":[0,2],"11":[0,2],"12":[2,0],"13":[0,2],"14":[1,1],"15":[1,0],"16":[0,2],"17":[0,2],"18":[0,0],"19":[0,0],"20":[4,0],"21":[4,0],"22":[4,0],"23":[4,0],"24":[2,2],"25":[2,2],"26":[2,2],"27":[2,2],"28":[2,2],"29":[0,2],"30":[2,0],"31":[1,0],"32":[0,1],"33":[0,1],"34":[0,2],"35":[0,1],"36":[0,0],"37":[0,0],"38":[0,0]}}
[...]
":102,"column":null}},"60":{"start":{"line":104,"column":2},"end":{"line":113,"column":null}},"61":{"start":{"line":105,"column":16},"end":{"line":105,"column":null}},"62":{"start":{"line":106,"column":4},"end":{"line":106,"column":null}},"63":{"start":{"line":107,"column":4},"end":{"line":110,"column":null}},"64":{"start":{"line":108,"column":21},"end":{"line":108,"column":null}},"65":{"start":{"line":109,"column":6},"end":{"line":109,"column":null}},"66":{"start":{"line":111,"column":4},"end":{"line":111,"column":null}},"67":{"start":{"line":112,"column":4},"end":{"line":112,"column":null}},"68":{"start":{"line":114,"column":2},"end":{"line":114,"column":null}},"69":{"start":{"line":118,"column":2},"end":{"line":124,"column":null}},"70":{"start":{"line":119,"column":4},"end":{"line":119,"column":null}},"71":{"start":{"line":120,"column":14},"end":{"line":120,"column":null}},"72":{"start":{"line":121,"column":4},"end":{"line":121,"column":null}},"73":{"start":{"line":123,"column":4},"end":{"line":123,"column":null}},"74":{"start":{"line":134,"column":14},"end":{"line":134,"column":null}},"75":{"start":{"line":135,"column":2},"end":{"line":183,"column":null}},"76":{"start":{"line":137,"column":6},"end":{"line":137,"column":null}},"77":{"start":{"line":138,"column":6},"end":{"line":138,"column":null}},"78":{"start":{"line":139,"column":6},"end":{"line":139,"column":null}},"79":{"start":{"line":141,"column":6},"end":{"line":141,"column":null}},"80":{"start":{"line":142,"column":6},"end":{"line":142,"column":null}},"81":{"start":{"line":143,"column":6},"end":{"line":143,"column":null}},"82":{"start":{"line":145,"column":6},"end":{"line":154,"column":null}},"83":{"start":{"line":146,"column":23},"end":{"line":146,"column":null}},"84":{"start":{"line":147,"column":8},"end":{"line":147,"column":null}},"85":{"start":{"line":148,"column":8},"end":{"line":150,"column":null}},"86":{"start":{"line":149,"column":10},"end":{"line":149,"column":null}},"87":{"start":{"line":151,"column":8},"end":{"line":151,"column":null}},"88":{"start":{"line":153,"column":8},"end":{"line":153,"column":null}},"89":{"start":{"line":155,"column":6},"end":{"line":155,"column":null}},"90":{"start":{"line":157,"column":6},"end":{"line":162,"column":null}},"91":{"start":{"line":158,"column":18},"end":{"line":158,"column":null}},"92":{"start":{"line":159,"column":8},"end":{"line":161,"column":null}},"93":{"start":{"line":163,"column":6},"end":{"line":163,"column":null}},"94":{"start":{"line":165,"column":6},"end":{"line":165,"column":null}},"95":{"start":{"line":166,"column":6},"end":{"line":166,"column":null}},"96":{"start":{"line":168,"column":6},"end":{"line":168,"column":null}},"97":{"start":{"line":168,"column":21},"end":{"line":168,"column":71}},"98":{"start":{"line":168,"column":71},"end":{"line":168,"column":77}},"99":{"start":{"line":169,"column":6},"end":{"line":169,"column":null}},"100":{"start":{"line":170,"column":6},"end":{"line":170,"column":null}},"101":{"start":{"line":172,"column":6},"end":{"line":172,"column":null}},"102":{"start":{"line":172,"column":29},"end":{"line":172,"column":80}},"103":{"start":{"line":172,"column":80},"end":{"line":172,"column":86}},"104":{"start":{"line":173,"column":6},"end":{"line":173,"column":null}},"105":{"start":{"line":174,"column":6},"end":{"line":174,"column":null}},"106":{"start":{"line":175,"column":22},"end":{"line":175,"column":85}},"107":{"start":{"line":175,"column":85},"end":{"line":175,"column":null}},"108":{"start":{"line":176,"column":22},"end":{"line":176,"column":85}},"109":{"start":{"line":176,"column":85},"end":{"line":176,"column":null}},"110":{"start":{"line":177,"column":22},"end":{"line":177,"column":85}},"111":{"start":{"line":177,"column":85},"end":{"line":177,"column":null}},"112":{"start":{"line":179,"column":6},"end":{"line":179,"column":null}},"113":{"start":{"line":180,"column":6},"end":{"line":180,"column":null}},"114":{"start":{"line":182,"column":6},"end":{"line":182,"column":null}},"115":{"start":{"line":193,"column":2},"end":{"line":193,"column":null}},"116":{"start":{"line":195,"column":2},"end":{"line":204,"column":null}},"117":{"start":{"line":196,"column":4},"end":{"line":196,"column":null}},"118":{"start":{"line":197,"column":19},"end":{"line":197,"column":null}},"119":{"start":{"line":198,"column":4},"end":{"line":203,"column":null}},"120":{"start":{"line":199,"column":6},"end":{"line":199,"column":null}},"121":{"start":{"line":201,"column":6},"end":{"line":201,"column":null}},"122":{"start":{"line":202,"column":6},"end":{"line":202,"column":null}},"123":{"start":{"line":206,"column":2},"end":{"line":209,"column":null}},"124":{"start":{"line":207,"column":18},"end":{"line":207,"column":null}},"125":{"start":{"line":208,"column":4},"end":{"line":208,"column":null}},"126":{"start":{"line":210,"column":2},"end":{"line":213,"column":null}},"127":{"start":{"line":211,"column":14},"end":{"line":211,"column":null}},"128":{"start":{"line":212,"column":4},"end":{"line":212,"column":null}},"129":{"start":{"line":215,"column":13},"end":{"line":215,"column":null}},"130":{"start":{"line":216,"column":24},"end":{"line":219,"column":null}},"131":{"start":{"line":217,"column":4},"end":{"line":217,"column":null}},"132":{"start":{"line":218,"column":4},"end":{"line":218,"column":null}},"133":{"start":{"line":220,"column":2},"end":{"line":220,"column":null}},"134":{"start":{"line":222,"column":2},"end":{"line":247,"column":null}},"135":{"start":{"line":223,"column":18},"end":{"line":223,"column":null}},"136":{"start":{"line":224,"column":4},"end":{"line":224,"column":null}},"137":{"start":{"line":224,"column":18},"end":{"line":224,"column":35}},"138":{"start":{"line":224,"column":35},"end":{"line":224,"column":42}},"139":{"start":{"line":226,"column":4},"end":{"line":230,"column":null}},"140":{"start":{"line":227,"column":6},"end":{"line":227,"column":null}},"141":{"start":{"line":228,"column":6},"end":{"line":228,"column":null}},"142":{"start":{"line":229,"column":6},"end":{"line":229,"column":null}},"143":{"start":{"line":232,"column":4},"end":{"line":232,"column":null}},"144":{"start":{"line":233,"column":4},"end":{"line":244,"column":null}},"145":{"start":{"line":234,"column":6},"end":{"line":240,"column":null}},"146":{"start":{"line":235,"column":8},"end":{"line":239,"column":null}},"147":{"start":{"line":235,"column":35},"end":{"line":235,"column":null}},"148":{"start":{"line":235,"column":67},"end":{"line":239,"column":null}},"149":{"start":{"line":236,"column":41},"end":{"line":236,"column":null}},"150":{"start":{"line":236,"column":93},"end":{"line":239,"column":null}},"151":{"start":{"line":238,"column":10},"end":{"line":238,"column":null}},"152":{"start":{"line":242,"column":6},"end":{"line":242,"column":null}},"153":{"start":{"line":243,"column":6},"end":{"line":243,"column":null}},"154":{"start":{"line":245,"column":4},"end":{"line":245,"column":null}},"155":{"start":{"line":246,"column":4},"end":{"line":246,"column":null}},"156":{"start":{"line":249,"column":2},"end":{"line":249,"column":null}},"157":{"start":{"line":249,"column":25},"end":{"line":249,"column":68}}},"fnMap":{"0":{"name":"makePrompt","decl":{"start":{"line":38,"column":9},"end":{"line":38,"column":20}},"loc":{"start":{"line":38,"column":84},"end":{"line":43,"column":null}}},"1":{"name":"handleMemoryCmd","decl":{"start":{"line":45,"column":15},"end":{"line":45,"column":31}},"loc":{"start":{"line":45,"column":87},"end":{"line":95,"column":null}}},"2":{"name":"handleProfileCmd","decl":{"start":{"line":97,"column":9},"end":{"line":97,"column":26}},"loc":{"start":{"line":97,"column":81},"end":{"line":115,"column":null}}},"3":{"name":"switchProfile","decl":{"start":{"line":117,"column":9},"end":{"line":117,"column":23}},"loc":{"start":{"line":117,"column":75},"end":{"line":125,"column":null}}},"4":{"name":"handleCommand","decl":{"start":{"line":127,"column":15},"end":{"line":127,"column":null}},"loc":{"start":{"line":133,"column":17},"end":{"line":184,"column":null}}},"5":{"name":"startCLI","decl":{"start":{"line":186,"column":22},"end":{"line":186,"column":null}},"loc":{"start":{"line":192,"column":17},"end":{"line":250,"column":null}}},"6":{"name":"(anonymous_6)","decl":{"start":{"line":216,"column":24},"end":{"line":216,"column":30}},"loc":{"start":{"line":216,"column":30},"end":{"line":219,"column":null}}},"7":{"name":"(anonymous_7)","decl":{"start":{"line":222,"column":16},"end":{"line":222,"column":23}},"loc":{"start":{"line":222,"column":32},"end":{"line":247,"column":3}}},"8":{"name":"(anonymous_8)","decl":{"start":{"line":249,"column":17},"end":{"line":249,"column":23}},"loc":{"start":{"line":249,"column":23},"end":{"line":249,"column":69}}}},"branchMap":{"0":{"loc":{"start":{"line":41,"column":18},"end":{"line":41,"column":null}},"type":"cond-expr","locations":[{"start":{"line":41,"column":55},"end":{"line":41,"column":79}},{"start":{"line":41,"column":79},"end":{"line":41,"column":null}}]},"1":{"loc":{"start":{"line":41,"column":18},"end":{"line":41,"column":55}},"type":"binary-expr","locations":[{"start":{"line":41,"column":18},"end":{"line":41,"column":29}},{"start":{"line":41,"column":29},"end":{"line":41,"column":55}}]},"2":{"loc":{"start":{"line":47,"column":2},"end":{"line":59,"column":null}},"type":"if","locations":[{"start":{"line":47,"column":2},"end":{"line":59,"column":null}},{"start":{"line":47,"column":2},"end":{"line":59,"column":null}}]},"3":{"loc":{"start":{"line":56,"column":4},"end":{"line":56,"column":null}},"type":"if","locations":[{"start":{"line":56,"column":4},"end":{"line":56,"column":null}},{"start":{"line":56,"column":4},"end":{"line":56,"column":null}}]},"4":{"loc":{"start":{"line":60,"column":2},"end":{"line":69,"column":null}},"type":"if","locations":[{"start":{"line":60,"column":2},"end":{"line":69,"column":null}},{"start":{"line":60,"column":2},"end":{"line":69,"column":null}}]},"5":{"loc":{"start":{"line":62,"column":4},"end":{"line":62,"column":null}},"type":"if","locations":[{"start":{"line":62,"column":4},"end":{"line":62,"column":null}},{"start":{"line":62,"column":4},"end":{"line":62,"column":null}}]},"6":{"loc":{"start":{"line":70,"column":2},"end":{"line":81,"column":null}},"type":"if","locations":[{"start":{"line":70,"column":2},"end":{"line":81,"column":null}},{"start":{"line":70,"column":2},"end":{"line":81,"column":null}}]},"7":{"loc":{"start":{"line":72,"column":4},"end":{"line":72,"column":null}},"type":"if","locations":[{"start":{"line":72,"column":4},"end":{"line":72,"column":null}},{"start":{"line":72,"column":4},"end":{"line":72,"column":null}}]},"8":{"loc":{"start":{"line":74,"column":4},"end":{"line":74,"column":null}},"type":"if","locations":[{"start":{"line":74,"column":4},"end":{"line":74,"column":null}},{"start":{"line":74,"column":4},"end":{"line":74,"column":null}}]},"9":{"loc":{"start":{"line":82,"column":2},"end":{"line":93,"column":null}},"type":"if","locations":[{"start":{"line":82,"column":2},"end":{"line":93,"column":null}},{"start":{"line":82,"column":2},"end":{"line":93,"column":null}}]},"10":{"loc":{"start":{"line":86,"column":4},"end":{"line":89,"column":null}},"type":"if","locations":[{"start":{"line":86,"column":4},"end":{"line":89,"column":null}},{"start":{"line":86,"column":4},"end":{"line":89,"column":null}}]},"11":{"loc":{"start":{"line":86,"column":8},"end":{"line":86,"column":58}},"type":"binary-expr","locations":[{"start":{"line":86,"column":8},"end":{"line":86,"column":20}},{"start":{"line":86,"column":20},"end":{"line":86,"column":48}},{"start":{"line":86,"column":48},"end":{"line":86,"column":58}}]},"12":{"loc":{"start":{"line":99,"column":2},"end":{"line":103,"column":null}},"type":"if","locations":[{"start":{"line":99,"column":2},"end":{"line":103,"column":null}},{"start":{"line":99,"column":2},"end":{"line":103,"column":null}}]},"13":{"loc":{"start":{"line":104,"column":2},"end":{"line":113,"column":null}},"type":"if","locations":[{"start":{"line":104,"column":2},"end":{"line":113,"column":null}},{"start":{"line":104,"column":2},"end":{"line":113,"column":null}}]},"14":{"loc":{"start":{"line":108,"column":21},"end":{"line":108,"column":null}},"type":"cond-expr","locations":[{"start":{"line":108,"column":62},"end":{"line":108,"column":82}},{"start":{"line":108,"column":82},"end":{"line":108,"column":null}}]},"15":{"loc":{"start":{"line":135,"column":2},"end":{"line":183,"column":null}},"type":"switch","locations":[{"start":{"line":136,"column":4},"end":{"line":139,"column":null}},{"start":{"line":140,"column":4},"end":{"line":143,"column":null}},{"start":{"line":144,"column":4},"end":{"line":155,"column":null}},{"start":{"line":156,"column":4},"end":{"line":163,"column":null}},{"start":{"line":164,"column":4},"end":{"line":166,"column":null}},{"start":{"line":167,"column":4},"end":{"line":170,"column":null}},{"start":{"line":171,"column":4},"end":{"line":174,"column":null}},{"start":{"line":175,"column":4},"end":{"line":175,"column":null}},{"start":{"line":176,"column":4},"end":{"line":176,"column":null}},{"start":{"line":177,"column":4},"end":{"line":177,"column":null}},{"start":{"line":178,"column":4},"end":{"line":180,"column":null}},{"start":{"line":181,"column":4},"end":{"line":182,"column":null}}]},"16":{"loc":{"start":{"line":145,"column":6},"end":{"line":154,"column":null}},"type":"if","locations":[{"start":{"line":145,"column":6},"end":{"line":154,"column":null}},{"start":{"line":152,"column":13},"end":{"line":154,"column":null}}]},"17":{"loc":{"start":{"line":149,"column":36},"end":{"line":149,"column":82}},"type":"cond-expr","locations":[{"start":{"line":149,"column":54},"end":{"line":149,"column":80}},{"start":{"line":149,"column":80},"end":{"line":149,"column":82}}]},"18":{"loc":{"start":{"line":157,"column":6},"end":{"line":162,"column":null}},"type":"if","locations":[{"start":{"line":157,"column":6},"end":{"line":162,"column":null}},{"start":{"line":157,"column":6},"end":{"line":162,"column":null}}]},"19":{"loc":{"start":{"line":159,"column":20},"end":{"line":161,"column":52}},"type":"cond-expr","locations":[{"start":{"line":160,"column":12},"end":{"line":160,"column":null}},{"start":{"line":161,"column":12},"end":{"line":161,"column":52}}]},"20":{"loc":{"start":{"line":161,"column":27},"end":{"line":161,"column":49}},"type":"binary-expr","locations":[{"start":{"line":161,"column":27},"end":{"line":161,"column":38}},{"start":{"line":161,"column":38},"end":{"line":161,"column":49}}]},"21":{"loc":{"start":{"line":168,"column":6},"end":{"line":168,"column":null}},"type":"if","locations":[{"start":{"line":168,"column":6},"end":{"line":168,"column":null}},{"start":{"line":168,"column":6},"end":{"line":168,"column":null}}]},"22":{"loc":{"start":{"line":172,"column":6},"end":{"line":172,"column":null}},"type":"if","locations":[{"start":{"line":172,"column":6},"end":{"line":172,"column":null}},{"start":{"line":172,"column":6},"end":{"line":172,"column":null}}]},"23":{"loc":{"start":{"line":175,"column":22},"end":{"line":175,"column":85}},"type":"binary-expr","locations":[{"start":{"line":175,"column":22},"end":{"line":175,"column":40}},{"start":{"line":175,"column":40},"end":{"line":175,"column":85}}]},"24":{"loc":{"start":{"line":176,"column":22},"end":{"line":176,"column":85}},"type":"binary-expr","locations":[{"start":{"line":176,"column":22},"end":{"line":176,"column":40}},{"start":{"line":176,"column":40},"end":{"line":176,"column":85}}]},"25":{"loc":{"start":{"line":177,"column":22},"end":{"line":177,"column":85}},"type":"binary-expr","locations":[{"start":{"line":177,"column":22},"end":{"line":177,"column":40}},{"start":{"line":177,"column":40},"end":{"line":177,"column":85}}]},"26":{"loc":{"start":{"line":195,"column":2},"end":{"line":204,"column":null}},"type":"if","locations":[{"start":{"line":195,"column":2},"end":{"line":204,"column":null}},{"start":{"line":195,"column":2},"end":{"line":204,"column":null}}]},"27":{"loc":{"start":{"line":198,"column":4},"end":{"line":203,"column":null}},"type":"if","locations":[{"start":{"line":198,"column":4},"end":{"line":203,"column":null}},{"start":{"line":200,"column":11},"end":{"line":203,"column":null}}]},"28":{"loc":{"start":{"line":201,"column":71},"end":{"line":201,"column":96}},"type":"binary-expr","locations":[{"start":{"line":201,"column":71},"end":{"line":201,"column":87}},{"start":{"line":201,"column":87},"end":{"line":201,"column":96}}]},"29":{"loc":{"start":{"line":206,"column":2},"end":{"line":209,"column":null}},"type":"if","locations":[{"start":{"line":206,"column":2},"end":{"line":209,"column":null}},{"start":{"line":206,"column":2},"end":{"line":209,"column":null}}]},"30":{"loc":{"start":{"line":210,"column":2},"end":{"line":213,"column":null}},"type":"if","locations":[{"start":{"line":210,"column":2},"end":{"line":213,"column":null}},{"start":{"line":210,"column":2},"end":{"line":213,"column":null}}]},"31":{"loc":{"start":{"line":224,"column":4},"end":{"line":224,"column":null}},"type":"if","locations":[{"start":{"line":224,"column":4},"end":{"line":224,"column":null}},{"start":{"line":224,"column":4},"end":{"line":224,"column":null}}]},"32":{"loc":{"start":{"line":226,"column":4},"end":{"line":230,"column":null}},"type":"if","locations":[{"start":{"line":226,"column":4},"end":{"line":230,"column":null}},{"start":{"line":226,"column":4},"end":{"line":230,"column":null}}]},"33":{"loc":{"start":{"line":235,"column":8},"end":{"line":239,"column":null}},"type":"if","locations":[{"start":{"line":235,"column":8},"end":{"line":239,"column":null}},{"start":{"line":235,"column":67},"end":{"line":239,"column":null}}]},"34":{"loc":{"start":{"line":235,"column":67},"end":{"line":239,"column":null}},"type":"if","locations":[{"start":{"line":235,"column":67},"end":{"line":239,"column":null}},{"start":{"line":236,"column":93},"end":{"line":239,"column":null}}]},"35":{"loc":{"start":{"line":236,"column":93},"end":{"line":239,"column":null}},"type":"if","locations":[{"start":{"line":236,"column":93},"end":{"line":239,"column":null}},{"start":{"line":236,"column":93},"end":{"line":239,"column":null}}]},"36":{"loc":{"start":{"line":237,"column":17},"end":{"line":237,"column":55}},"type":"binary-expr","locations":[{"start":{"line":237,"column":17},"end":{"line":237,"column":42}},{"start":{"line":237,"column":42},"end":{"line":237,"column":55}}]}},"s":{"0":0,"1":0,"2":0,"3":0,"4":0,"5":0,"6":0,"7":0,"8":0,"9":0,"10":0,"11":0,"12":0,"13":0,"14":0,"15":0,"16":0,"17":0,"18":0,"19":0,"20":0,"21":0,"22":0,"23":0,"24":0,"25":0,"26":0,"27":0,"28":0,"29":0,"30":0,"31":0,"32":0,"33":0,"34":0,"35":0,"36":0,"37":0,"38":0,"39":0,"40":0,"41":0,"42":0,"43":0,"44":0,"45":0,"46":0,"47":0,"48":0,"49":0,"50":0,"51":0,"52":0,"53":0,"54":0,"55":0,"56":0,"57":0,"58":0,"59":0,"60":0,"61":0,"62":0,"63":0,"64":0,"65":0,"66":0,"67":0,"68":0,"69":0,"70":0,"71":0,"72":0,"73":0,"74":0,"75":0,"76":0,"77":0,"78":0,"79":0,"80":0,"81":0,"82":0,"83":0,"84":0,"85":0,"86":0,"87":0,"88":0,"89":0,"90":0,"91":0,"92":0,"93":0,"94":0,"95":0,"96":0,"97":0,"98":0,"99":0,"100":0,"101":0,"102":0,"103":0,"104":0,"105":0,"106":0,"107":0,"108":0,"109":0,"110":0,"111":0,"112":0,"113":0,"114":0,"115":0,"116":0,"117":0,"118":0,"119":0,"120":0,"121":0,"122":0,"123":0,"124":0,"125":0,"126":0,"127":0,"128":0,"129":0,"130":0,"131":0,"132":0,"133":0,"134":0,"135":0,"136":0,"137":0,"138":0,"139":0,"140":0,"141":0,"142":0,"143":0,"144":0,"145":0,"146":0,"147":0,"148":0,"149":0,"150":0,"151":0,"152":0,"153":0,"154":0,"155":0,"156":0,"157":0},"f":{"0":0,"1":0,"2":0,"3":0,"4":0,"5":0,"6":0,"7":0,"8":0},"b":{"0":[0,0],"1":[0,0],"2":[0,0],"3":[0,0],"4":[0,0],"5":[0,0],"6":[0,0],"7":[0,0],"8":[0,0],"9":[0,0],"10":[0,0],"11":[0,0,0],"12":[0,0],"13":[0,0],"14":[0,0],"15":[0,0,0,0,0,0,0,0,0,0,0,0],"16":[0,0],"17":[0,0],"18":[0,0],"19":[0,0],"20":[0,0],"21":[0,0],"22":[0,0],"23":[0,0],"24":[0,0],"25":[0,0],"26":[0,0],"27":[0,0],"28":[0,0],"29":[0,0],"30":[0,0],"31":[0,0],"32":[0,0],"33":[0,0],"34":[0,0],"35":[0,0],"36":[0,0]}}
}
